[35m[Appium][39m Welcome to Appium v1.22.3
[35m[Appium][39m Non-default server args:
[35m[Appium][39m   port: 61312
[35m[Appium][39m   tmpDir: C:\Users\Harrys\AppData\Local\Temp\\Katalon\Appium\Temp1674125954573
[35m[Appium][39m   chromedriverPort: 61313
[35m[Appium][39m Deprecated server args:
[35m[Appium][39m   [31m--chromedriver-port[39m => --default-capabilities
[35m[Appium][39m Default capabilities, which will be added to each request unless overridden by desired capabilities:
[35m[Appium][39m   chromedriverPort: 61313
[35m[Appium][39m Appium REST http interface listener started on 0.0.0.0:61312
[35m[HTTP][39m [37m-->[39m [37mGET[39m [37m/wd/hub/status[39m
[35m[HTTP][39m [90m{}[39m
[debug] [35m[GENERIC][39m Calling AppiumDriver.getStatus() with args: []
[debug] [35m[GENERIC][39m Responding to client with driver.getStatus() result: {"build":{"version":"1.22.3"}}
[35m[HTTP][39m [37m<-- GET /wd/hub/status [39m[32m200[39m [90m6 ms - 68[39m
[35m[HTTP][39m [90m[39m
[35m[HTTP][39m [37m-->[39m [37mGET[39m [37m/wd/hub/status[39m
[35m[HTTP][39m [90m{}[39m
[debug] [35m[GENERIC][39m Calling AppiumDriver.getStatus() with args: []
[debug] [35m[GENERIC][39m Responding to client with driver.getStatus() result: {"build":{"version":"1.22.3"}}
[35m[HTTP][39m [37m<-- GET /wd/hub/status [39m[32m200[39m [90m2 ms - 68[39m
[35m[HTTP][39m [90m[39m
[35m[HTTP][39m [37m-->[39m [37mPOST[39m [37m/wd/hub/session[39m
[35m[HTTP][39m [90m{"desiredCapabilities":{"appPackage":"com.android.settings","deviceId":"d4f4d8990312","deviceName":"Xiaomi M2004J19C (Android 10)","platform":"ANDROID","appActivity":".Settings","newCommandTimeout":1800,"platformVersion":"10","automationName":"uiautomator2","autoGrantPermissions":true,"platformName":"Android","udid":"d4f4d8990312","systemPort":8241},"capabilities":{"firstMatch":[{"appium:appActivity":".Settings","appium:appPackage":"com.android.settings","appium:autoGrantPermissions":true,"appium:automationName":"uiautomator2","deviceId":"d4f4d8990312","appium:deviceName":"Xiaomi M2004J19C (Android 10)","appium:newCommandTimeout":1800,"platform":"ANDROID","platformName":"android","appium:platformVersion":"10","appium:systemPort":8241,"appium:udid":"d4f4d8990312"}]}}[39m
[debug] [35m[W3C][39m Calling AppiumDriver.createSession() with args: [{"appPackage":"com.android.settings","deviceId":"d4f4d8990312","deviceName":"Xiaomi M2004J19C (Android 10)","platform":"ANDROID","appActivity":".Settings","newCommandTimeout":1800,"platformVersion":"10","automationName":"uiautomator2","autoGrantPermissions":true,"platformName":"Android","udid":"d4f4d8990312","systemPort":8241},null,{"firstMatch":[{"appium:appActivity":".Settings","appium:appPackage":"com.android.settings","appium:autoGrantPermissions":true,"appium:automationName":"uiautomator2","deviceId":"d4f4d8990312","appium:deviceName":"Xiaomi M2004J19C (Android 10)","appium:newCommandTimeout":1800,"platform":"ANDROID","platformName":"android","appium:platformVersion":"10","appium:systemPort":8241,"appium:udid":"d4f4d8990312"}]}]
[debug] [35m[BaseDriver][39m Event 'newSessionRequested' logged at 1674125957261 (17:59:17 GMT+0700 (Western Indonesia Time))
[35m[BaseDriver][39m The following capabilities are not standard capabilities and should have an extension prefix:
[35m[BaseDriver][39m   deviceId
[35m[BaseDriver][39m   platform
[35m[BaseDriver][39m   chromedriverPort
[35m[Appium][39m Appium v1.22.3 creating new AndroidUiautomator2Driver (v1.70.1) session
[debug] [35m[BaseDriver][39m W3C capabilities and MJSONWP desired capabilities were provided
[debug] [35m[BaseDriver][39m Creating session with W3C capabilities: {
[debug] [35m[BaseDriver][39m   "alwaysMatch": {
[debug] [35m[BaseDriver][39m     "appium:deviceId": "d4f4d8990312",
[debug] [35m[BaseDriver][39m     "appium:platform": "ANDROID",
[debug] [35m[BaseDriver][39m     "platformName": "android",
[debug] [35m[BaseDriver][39m     "appium:chromedriverPort": 61313,
[debug] [35m[BaseDriver][39m     "appium:appActivity": ".Settings",
[debug] [35m[BaseDriver][39m     "appium:appPackage": "com.android.settings",
[debug] [35m[BaseDriver][39m     "appium:autoGrantPermissions": true,
[debug] [35m[BaseDriver][39m     "appium:automationName": "uiautomator2",
[debug] [35m[BaseDriver][39m     "appium:deviceName": "Xiaomi M2004J19C (Android 10)",
[debug] [35m[BaseDriver][39m     "appium:newCommandTimeout": 1800,
[debug] [35m[BaseDriver][39m     "appium:platformVersion": "10",
[debug] [35m[BaseDriver][39m     "appium:systemPort": 8241,
[debug] [35m[BaseDriver][39m     "appium:udid": "d4f4d8990312"
[debug] [35m[BaseDriver][39m   },
[debug] [35m[BaseDriver][39m   "firstMatch": [
[debug] [35m[BaseDriver][39m     {}
[debug] [35m[BaseDriver][39m   ]
[debug] [35m[BaseDriver][39m }
[35m[BaseDriver][39m The following capabilities were provided, but are not recognized by Appium:
[35m[BaseDriver][39m   deviceId
[35m[BaseDriver][39m   platform
[35m[BaseDriver][39m Session created with session id: 857cfcf7-604f-4cfb-b629-245b507520b2
[35m[UiAutomator2][39m Starting 'com.android.settings' directly on the device
[35m[ADB][39m Found 1 'build-tools' folders under 'C:\Users\Harrys\.katalon\tools\android_sdk' (newest first):
[35m[ADB][39m     C:/Users/Harrys/.katalon/tools/android_sdk/build-tools/29.0.3
[35m[ADB][39m Using 'adb.exe' from 'C:\Users\Harrys\.katalon\tools\android_sdk\platform-tools\adb.exe'
[debug] [35m[ADB][39m Running 'C:\Users\Harrys\.katalon\tools\android_sdk\platform-tools\adb.exe -P 5037 start-server'
[35m[AndroidDriver][39m Retrieving device list
[debug] [35m[ADB][39m Trying to find a connected android device
[debug] [35m[ADB][39m Getting connected devices
[debug] [35m[ADB][39m Connected devices: [{"udid":"d4f4d8990312","state":"device"}]
[35m[AndroidDriver][39m Using device: d4f4d8990312
[35m[ADB][39m Using 'adb.exe' from 'C:\Users\Harrys\.katalon\tools\android_sdk\platform-tools\adb.exe'
[debug] [35m[ADB][39m Running 'C:\Users\Harrys\.katalon\tools\android_sdk\platform-tools\adb.exe -P 5037 start-server'
[debug] [35m[ADB][39m Setting device id to d4f4d8990312
[debug] [35m[ADB][39m Running 'C:\Users\Harrys\.katalon\tools\android_sdk\platform-tools\adb.exe -P 5037 -s d4f4d8990312 shell getprop ro.build.version.sdk'
[debug] [35m[ADB][39m Current device property 'ro.build.version.sdk': 29
[35m[ADB][39m Getting device platform version
[debug] [35m[ADB][39m Running 'C:\Users\Harrys\.katalon\tools\android_sdk\platform-tools\adb.exe -P 5037 -s d4f4d8990312 shell getprop ro.build.version.release'
[debug] [35m[ADB][39m Current device property 'ro.build.version.release': 10
[debug] [35m[ADB][39m Device API level: 29
[35m[UiAutomator2][39m Relaxing hidden api policy
[debug] [35m[ADB][39m Running 'C:\Users\Harrys\.katalon\tools\android_sdk\platform-tools\adb.exe -P 5037 -s d4f4d8990312 shell 'settings put global hidden_api_policy_pre_p_apps 1;settings put global hidden_api_policy_p_apps 1;settings put global hidden_api_policy 1''
[35m[AndroidDriver][39m No app sent in, not parsing package/activity
[debug] [35m[ADB][39m Running 'C:\Users\Harrys\.katalon\tools\android_sdk\platform-tools\adb.exe -P 5037 -s d4f4d8990312 wait-for-device'
[debug] [35m[ADB][39m Running 'C:\Users\Harrys\.katalon\tools\android_sdk\platform-tools\adb.exe -P 5037 -s d4f4d8990312 shell echo ping'
[debug] [35m[AndroidDriver][39m Pushing settings apk to device...
[debug] [35m[ADB][39m Getting install status for io.appium.settings
[debug] [35m[ADB][39m Running 'C:\Users\Harrys\.katalon\tools\android_sdk\platform-tools\adb.exe -P 5037 -s d4f4d8990312 shell dumpsys package io.appium.settings'
[debug] [35m[ADB][39m 'io.appium.settings' is installed
[debug] [35m[ADB][39m Getting package info for 'io.appium.settings'
[debug] [35m[ADB][39m Running 'C:\Users\Harrys\.katalon\tools\android_sdk\platform-tools\adb.exe -P 5037 -s d4f4d8990312 shell dumpsys package io.appium.settings'
[debug] [35m[ADB][39m The version name of the installed 'io.appium.settings' is greater or equal to the application version name ('3.4.0' >= '3.4.0')
[debug] [35m[ADB][39m There is no need to install/upgrade 'C:\Users\Harrys\AppData\Roaming\npm\node_modules\appium\node_modules\io.appium.settings\apks\settings_apk-debug.apk'
[debug] [35m[ADB][39m Getting IDs of all 'io.appium.settings' processes
[debug] [35m[ADB][39m Running 'C:\Users\Harrys\.katalon\tools\android_sdk\platform-tools\adb.exe -P 5037 -s d4f4d8990312 shell 'pgrep --help; echo $?''
[debug] [35m[ADB][39m Running 'C:\Users\Harrys\.katalon\tools\android_sdk\platform-tools\adb.exe -P 5037 -s d4f4d8990312 shell pgrep -f \(\[\[:blank:\]\]\|\^\)io\.appium\.settings\(\[\[:blank:\]\]\|\$\)'
[debug] [35m[AndroidDriver][39m io.appium.settings is already running. There is no need to reset its permissions.
[debug] [35m[ADB][39m Running 'C:\Users\Harrys\.katalon\tools\android_sdk\platform-tools\adb.exe -P 5037 -s d4f4d8990312 shell appops set io.appium.settings android:mock_location allow'
[debug] [35m[Logcat][39m Starting logs capture with command: C:\\Users\\Harrys\\.katalon\\tools\\android_sdk\\platform-tools\\adb.exe -P 5037 -s d4f4d8990312 logcat -v threadtime
[debug] [35m[UiAutomator2][39m Forwarding UiAutomator2 Server port 6790 to local port 8241
[debug] [35m[ADB][39m Forwarding system: 8241 to device: 6790
[debug] [35m[ADB][39m Running 'C:\Users\Harrys\.katalon\tools\android_sdk\platform-tools\adb.exe -P 5037 -s d4f4d8990312 forward tcp:8241 tcp:6790'
[debug] [35m[ADB][39m Getting install status for io.appium.uiautomator2.server
[debug] [35m[ADB][39m Running 'C:\Users\Harrys\.katalon\tools\android_sdk\platform-tools\adb.exe -P 5037 -s d4f4d8990312 shell dumpsys package io.appium.uiautomator2.server'
[debug] [35m[ADB][39m 'io.appium.uiautomator2.server' is installed
[debug] [35m[ADB][39m Getting package info for 'io.appium.uiautomator2.server'
[debug] [35m[ADB][39m Running 'C:\Users\Harrys\.katalon\tools\android_sdk\platform-tools\adb.exe -P 5037 -s d4f4d8990312 shell dumpsys package io.appium.uiautomator2.server'
[debug] [35m[ADB][39m The version name of the installed 'io.appium.uiautomator2.server' is greater or equal to the application version name ('4.27.0' >= '4.27.0')
[debug] [35m[UiAutomator2][39m io.appium.uiautomator2.server installation state: sameVersionInstalled
[debug] [35m[ADB][39m Checking app cert for C:\Users\Harrys\AppData\Roaming\npm\node_modules\appium\node_modules\appium-uiautomator2-server\apks\appium-uiautomator2-server-v4.27.0.apk
[35m[ADB][39m Using 'apksigner.jar' from 'C:\Users\Harrys\.katalon\tools\android_sdk\build-tools\29.0.3\lib\apksigner.jar'
[debug] [35m[ADB][39m Starting apksigner: C:\\Users\\Harrys\\Downloads\\Katalon_Studio_Windows_64-8.5.5\\Katalon_Studio_Windows_64-8.5.5\\jre\\bin\\java.exe -Xmx1024M -Xss1m -jar C:\\Users\\Harrys\\.katalon\\tools\\android_sdk\\build-tools\\29.0.3\\lib\\apksigner.jar verify --print-certs C:\\Users\\Harrys\\AppData\\Roaming\\npm\\node_modules\\appium\\node_modules\\appium-uiautomator2-server\\apks\\appium-uiautomator2-server-v4.27.0.apk
[debug] [35m[ADB][39m apksigner stdout: Signer #1 certificate DN: EMAILADDRESS=android@android.com, CN=Android, OU=Android, O=Android, L=Mountain View, ST=California, C=US
[debug] [35m[ADB][39m Signer #1 certificate SHA-256 digest: a40da80a59d170caa950cf15c18c454d47a39b26989d8b640ecd745ba71bf5dc
[debug] [35m[ADB][39m Signer #1 certificate SHA-1 digest: 61ed377e85d386a8dfee6b864bd85b0bfaa5af81
[debug] [35m[ADB][39m Signer #1 certificate MD5 digest: e89b158e4bcf988ebd09eb83f5378e87
[debug] [35m[ADB][39m 
[debug] [35m[ADB][39m sha256 hash did match for 'appium-uiautomator2-server-v4.27.0.apk'
[35m[ADB][39m 'C:\Users\Harrys\AppData\Roaming\npm\node_modules\appium\node_modules\appium-uiautomator2-server\apks\appium-uiautomator2-server-v4.27.0.apk' is signed with the default certificate
[debug] [35m[ADB][39m Getting install status for io.appium.uiautomator2.server.test
[debug] [35m[ADB][39m Running 'C:\Users\Harrys\.katalon\tools\android_sdk\platform-tools\adb.exe -P 5037 -s d4f4d8990312 shell dumpsys package io.appium.uiautomator2.server.test'
[debug] [35m[ADB][39m 'io.appium.uiautomator2.server.test' is installed
[debug] [35m[ADB][39m Checking app cert for C:\Users\Harrys\AppData\Roaming\npm\node_modules\appium\node_modules\appium-uiautomator2-server\apks\appium-uiautomator2-server-debug-androidTest.apk
[debug] [35m[ADB][39m Starting apksigner: C:\\Users\\Harrys\\Downloads\\Katalon_Studio_Windows_64-8.5.5\\Katalon_Studio_Windows_64-8.5.5\\jre\\bin\\java.exe -Xmx1024M -Xss1m -jar C:\\Users\\Harrys\\.katalon\\tools\\android_sdk\\build-tools\\29.0.3\\lib\\apksigner.jar verify --print-certs C:\\Users\\Harrys\\AppData\\Roaming\\npm\\node_modules\\appium\\node_modules\\appium-uiautomator2-server\\apks\\appium-uiautomator2-server-debug-androidTest.apk
[debug] [35m[ADB][39m apksigner stdout: Signer #1 certificate DN: EMAILADDRESS=android@android.com, CN=Android, OU=Android, O=Android, L=Mountain View, ST=California, C=US
[debug] [35m[ADB][39m Signer #1 certificate SHA-256 digest: a40da80a59d170caa950cf15c18c454d47a39b26989d8b640ecd745ba71bf5dc
[debug] [35m[ADB][39m Signer #1 certificate SHA-1 digest: 61ed377e85d386a8dfee6b864bd85b0bfaa5af81
[debug] [35m[ADB][39m Signer #1 certificate MD5 digest: e89b158e4bcf988ebd09eb83f5378e87
[debug] [35m[ADB][39m 
[debug] [35m[ADB][39m sha256 hash did match for 'appium-uiautomator2-server-debug-androidTest.apk'
[35m[ADB][39m 'C:\Users\Harrys\AppData\Roaming\npm\node_modules\appium\node_modules\appium-uiautomator2-server\apks\appium-uiautomator2-server-debug-androidTest.apk' is signed with the default certificate
[35m[UiAutomator2][39m Server packages are not going to be (re)installed
[debug] [35m[UiAutomator2][39m Waiting up to 30000ms for services to be available
[debug] [35m[ADB][39m Running 'C:\Users\Harrys\.katalon\tools\android_sdk\platform-tools\adb.exe -P 5037 -s d4f4d8990312 shell pm list instrumentation'
[debug] [35m[UiAutomator2][39m Instrumentation target 'io.appium.uiautomator2.server.test/androidx.test.runner.AndroidJUnitRunner' is available
[35m[ADB][39m Adding packages ["io.appium.settings","io.appium.uiautomator2.server","io.appium.uiautomator2.server.test"] to Doze whitelist
[debug] [35m[ADB][39m Got the following command chunks to execute: [["dumpsys","deviceidle","whitelist","+io.appium.settings",";","dumpsys","deviceidle","whitelist","+io.appium.uiautomator2.server",";","dumpsys","deviceidle","whitelist","+io.appium.uiautomator2.server.test",";"]]
[debug] [35m[ADB][39m Running 'C:\Users\Harrys\.katalon\tools\android_sdk\platform-tools\adb.exe -P 5037 -s d4f4d8990312 shell dumpsys deviceidle whitelist +io.appium.settings ; dumpsys deviceidle whitelist +io.appium.uiautomator2.server ; dumpsys deviceidle whitelist +io.appium.uiautomator2.server.test ;'
[debug] [35m[UiAutomator2][39m No app capability. Assuming it is already on the device
[debug] [35m[ADB][39m Getting install status for com.android.settings
[debug] [35m[ADB][39m Running 'C:\Users\Harrys\.katalon\tools\android_sdk\platform-tools\adb.exe -P 5037 -s d4f4d8990312 shell dumpsys package com.android.settings'
[debug] [35m[ADB][39m 'com.android.settings' is installed
[debug] [35m[ADB][39m Running 'C:\Users\Harrys\.katalon\tools\android_sdk\platform-tools\adb.exe -P 5037 -s d4f4d8990312 shell am force-stop com.android.settings'
[debug] [35m[ADB][39m Running 'C:\Users\Harrys\.katalon\tools\android_sdk\platform-tools\adb.exe -P 5037 -s d4f4d8990312 shell pm clear com.android.settings'
[debug] [35m[ADB][39m Running 'C:\Users\Harrys\.katalon\tools\android_sdk\platform-tools\adb.exe -P 5037 -s d4f4d8990312 shell dumpsys package com.android.settings'
[debug] [35m[ADB][39m Retrieving requested permissions
[debug] [35m[ADB][39m Retrieved 324 permissions from requested group
[debug] [35m[ADB][39m Retrieving granted permissions
[debug] [35m[ADB][39m Retrieved 233 permissions from install,runtime groups
[debug] [35m[ADB][39m Granting permissions ["android.globallauncher.permission.READ_SETTINGS","android.globallauncher.permission.WRITE_SETTINGS"] to 'com.android.settings'
[debug] [35m[ADB][39m Got the following command chunks to execute: [["pm","grant","com.android.settings","android.globallauncher.permission.READ_SETTINGS",";","pm","grant","com.android.settings","android.globallauncher.permission.WRITE_SETTINGS",";"]]
[debug] [35m[ADB][39m Running 'C:\Users\Harrys\.katalon\tools\android_sdk\platform-tools\adb.exe -P 5037 -s d4f4d8990312 shell pm grant com.android.settings android.globallauncher.permission.READ_SETTINGS ; pm grant com.android.settings android.globallauncher.permission.WRITE_SETTINGS ;'
[debug] [35m[AndroidDriver][39m Performed fast reset on the installed 'com.android.settings' application (stop and clear)
[debug] [35m[UiAutomator2][39m Performing shallow cleanup of automation leftovers
[debug] [35m[UiAutomator2][39m The following obsolete sessions are still running: ["aaca861c-603c-46c2-919c-add3191bc64c"]
[debug] [35m[UiAutomator2][39m Cleaning up 1 obsolete session
[debug] [35m[ADB][39m Running 'C:\Users\Harrys\.katalon\tools\android_sdk\platform-tools\adb.exe -P 5037 -s d4f4d8990312 shell am force-stop io.appium.uiautomator2.server.test'
[35m[UiAutomator2][39m Starting UIAutomator2 server 4.27.0
[35m[UiAutomator2][39m Using UIAutomator2 server from 'C:\Users\Harrys\AppData\Roaming\npm\node_modules\appium\node_modules\appium-uiautomator2-server\apks\appium-uiautomator2-server-v4.27.0.apk' and test from 'C:\Users\Harrys\AppData\Roaming\npm\node_modules\appium\node_modules\appium-uiautomator2-server\apks\appium-uiautomator2-server-debug-androidTest.apk'
[35m[UiAutomator2][39m Waiting up to 30000ms for UiAutomator2 to be online...
[debug] [35m[ADB][39m Creating ADB subprocess with args: ["-P",5037,"-s","d4f4d8990312","shell","am","instrument","-w","-e","disableAnalytics",true,"io.appium.uiautomator2.server.test/androidx.test.runner.AndroidJUnitRunner"]
[debug] [35m[WD Proxy][39m Matched '/status' to command name 'getStatus'
[debug] [35m[WD Proxy][39m Proxying [GET /status] to [GET http://127.0.0.1:8241/wd/hub/status] with no body
[35m[WD Proxy][39m socket hang up
[debug] [35m[WD Proxy][39m Matched '/status' to command name 'getStatus'
[debug] [35m[WD Proxy][39m Proxying [GET /status] to [GET http://127.0.0.1:8241/wd/hub/status] with no body
[35m[WD Proxy][39m socket hang up
[debug] [35m[WD Proxy][39m Matched '/status' to command name 'getStatus'
[debug] [35m[WD Proxy][39m Proxying [GET /status] to [GET http://127.0.0.1:8241/wd/hub/status] with no body
[35m[WD Proxy][39m socket hang up
[debug] [35m[WD Proxy][39m Matched '/status' to command name 'getStatus'
[debug] [35m[WD Proxy][39m Proxying [GET /status] to [GET http://127.0.0.1:8241/wd/hub/status] with no body
[35m[WD Proxy][39m socket hang up
[debug] [35m[Instrumentation][39m io.appium.uiautomator2.server.test.AppiumUiAutomator2Server:
[debug] [35m[WD Proxy][39m Matched '/status' to command name 'getStatus'
[debug] [35m[WD Proxy][39m Proxying [GET /status] to [GET http://127.0.0.1:8241/wd/hub/status] with no body
[35m[WD Proxy][39m socket hang up
[debug] [35m[WD Proxy][39m Matched '/status' to command name 'getStatus'
[debug] [35m[WD Proxy][39m Proxying [GET /status] to [GET http://127.0.0.1:8241/wd/hub/status] with no body
[debug] [35m[WD Proxy][39m Got response with status 200: {"sessionId":"None","value":{"message":"UiAutomator2 Server is ready to accept commands","ready":true}}
[debug] [35m[UiAutomator2][39m The initialization of the instrumentation process took 5163ms
[debug] [35m[WD Proxy][39m Matched '/session' to command name 'createSession'
[debug] [35m[WD Proxy][39m Proxying [POST /session] to [POST http://127.0.0.1:8241/wd/hub/session] with body: {"capabilities":{"firstMatch":[{"platform":"ANDROID","webStorageEnabled":false,"takesScreenshot":true,"javascriptEnabled":true,"databaseEnabled":false,"networkConnectionEnabled":true,"locationContextEnabled":false,"warnings":{},"desired":{"platformName":"android","deviceId":"d4f4d8990312","platform":"ANDROID","chromedriverPort":61313,"appActivity":".Settings","appPackage":"com.android.settings","autoGrantPermissions":true,"automationName":"uiautomator2","deviceName":"Xiaomi M2004J19C (Android 10)","newCommandTimeout":1800,"platformVersion":"10","systemPort":8241,"udid":"d4f4d8990312"},"platformName":"android","deviceId":"d4f4d8990312","chromedriverPort":61313,"appActivity":".Settings","appPackage":"com.android.settings","autoGrantPermissions":true,"automationName":"uiautomator2","deviceName":"d4f4d8990312","newCommandTimeout":1800,"platformVersion":"10","systemPort":8241,"udid":"d4f4d8990312","deviceUDID":"d4f4d8990312"}],"alwaysMatch":{}}}
[debug] [35m[WD Proxy][39m Got response with status 200: {"sessionId":"3aa88fec-ab11-45b8-a052-1569659d5e9b","value":{"capabilities":{"firstMatch":[{"platform":"ANDROID","webStorageEnabled":false,"takesScreenshot":true,"javascriptEnabled":true,"databaseEnabled":false,"networkConnectionEnabled":true,"locationContextEnabled":false,"warnings":{},"desired":{"platformName":"android","deviceId":"d4f4d8990312","platform":"ANDROID","chromedriverPort":61313,"appActivity":".Settings","appPackage":"com.android.settings","autoGrantPermissions":true,"automationName":"uiautomator2","deviceName":"Xiaomi M2004J19C (Android 10)","newCommandTimeout":1800,"platformVersion":"10","systemPort":8241,"udid":"d4f4d8990312"},"platformName":"android","deviceId":"d4f4d8990312","chromedriverPort":61313,"appActivity":".Settings","appPackage":"com.android.settings","autoGrantPermissions":true,"automationName":"uiautomator2","deviceName":"d4f4d8990312","newCommandTimeout":1800,"platformVersion":"10","systemPort":8241,"udid":"d4f4d8990312","deviceUDID":"d4f4d8990312"}],"alwaysMatch":{}},"sessio...
[35m[WD Proxy][39m Determined the downstream protocol as 'W3C'
[debug] [35m[WD Proxy][39m Proxying [GET /appium/device/info] to [GET http://127.0.0.1:8241/wd/hub/session/3aa88fec-ab11-45b8-a052-1569659d5e9b/appium/device/info] with no body
[debug] [35m[WD Proxy][39m Got response with status 200: {"sessionId":"3aa88fec-ab11-45b8-a052-1569659d5e9b","value":{"androidId":"6978ba150f31f643","apiVersion":"29","bluetooth":{"state":"OFF"},"brand":"Redmi","carrierName":"INDOSAT","displayDensity":440,"locale":"in_ID","manufacturer":"Xiaomi","model":"M2004J19C","networks":[{"capabilities":{"SSID":null,"linkDownBandwidthKbps":102400,"linkUpstreamBandwidthKbps":51200,"networkCapabilities":"NET_CAPABILITY_INTERNET,NET_CAPABILITY_NOT_RESTRICTED,NET_CAPABILITY_TRUSTED,NET_CAPABILITY_NOT_VPN,NET_CAPABILITY_VALIDATED,NET_CAPABILITY_NOT_ROAMING,NET_CAPABILITY_FOREGROUND,NET_CAPABILITY_NOT_CONGESTED,NET_CAPABILITY_NOT_SUSPENDED","signalStrength":-2147483648,"transportTypes":"TRANSPORT_CELLULAR"},"detailedState":"CONNECTED","extraInfo":"indosatgprs","isAvailable":true,"isConnected":true,"isFailover":false,"isRoaming":false,"state":"CONNECTED","subtype":13,"subtypeName":"LTE","type":0,"typeName":"MOBILE"}],"platformVersion":"10","realDisplaySize":"2340x1080","timeZone":"Asia/Jakarta"}}
[debug] [35m[ADB][39m Running 'C:\Users\Harrys\.katalon\tools\android_sdk\platform-tools\adb.exe -P 5037 -s d4f4d8990312 shell dumpsys window'
[35m[AndroidDriver][39m Screen already unlocked, doing nothing
[35m[UiAutomator2][39m Starting 'com.android.settings/.Settings and waiting for 'com.android.settings/.Settings'
[debug] [35m[ADB][39m Running 'C:\Users\Harrys\.katalon\tools\android_sdk\platform-tools\adb.exe -P 5037 -s d4f4d8990312 shell am start -W -n com.android.settings/.Settings -S -a android.intent.action.MAIN -c android.intent.category.LAUNCHER -f 0x10200000'
[debug] [35m[WD Proxy][39m Proxying [GET /appium/device/pixel_ratio] to [GET http://127.0.0.1:8241/wd/hub/session/3aa88fec-ab11-45b8-a052-1569659d5e9b/appium/device/pixel_ratio] with no body
[debug] [35m[WD Proxy][39m Got response with status 200: {"sessionId":"3aa88fec-ab11-45b8-a052-1569659d5e9b","value":2.75}
[debug] [35m[WD Proxy][39m Matched '/appium/device/system_bars' to command name 'getSystemBars'
[debug] [35m[WD Proxy][39m Proxying [GET /appium/device/system_bars] to [GET http://127.0.0.1:8241/wd/hub/session/3aa88fec-ab11-45b8-a052-1569659d5e9b/appium/device/system_bars] with no body
[debug] [35m[WD Proxy][39m Got response with status 200: {"sessionId":"3aa88fec-ab11-45b8-a052-1569659d5e9b","value":{"statusBar":76}}
[debug] [35m[WD Proxy][39m Matched '/window/current/size' to command name 'getWindowSize'
[debug] [35m[WD Proxy][39m Proxying [GET /window/current/size] to [GET http://127.0.0.1:8241/wd/hub/session/3aa88fec-ab11-45b8-a052-1569659d5e9b/window/current/size] with no body
[debug] [35m[WD Proxy][39m Got response with status 200: {"sessionId":"3aa88fec-ab11-45b8-a052-1569659d5e9b","value":{"height":2134,"width":1080}}
[35m[Appium][39m New AndroidUiautomator2Driver session created successfully, session 857cfcf7-604f-4cfb-b629-245b507520b2 added to master session list
[debug] [35m[BaseDriver][39m Event 'newSessionStarted' logged at 1674125971326 (17:59:31 GMT+0700 (Western Indonesia Time))
[debug] [35m[W3C (857cfcf7)][39m Cached the protocol value 'W3C' for the new session 857cfcf7-604f-4cfb-b629-245b507520b2
[debug] [35m[W3C (857cfcf7)][39m Responding to client with driver.createSession() result: {"capabilities":{"platform":"ANDROID","webStorageEnabled":false,"takesScreenshot":true,"javascriptEnabled":true,"databaseEnabled":false,"networkConnectionEnabled":true,"locationContextEnabled":false,"warnings":{},"desired":{"platformName":"android","deviceId":"d4f4d8990312","platform":"ANDROID","chromedriverPort":61313,"appActivity":".Settings","appPackage":"com.android.settings","autoGrantPermissions":true,"automationName":"uiautomator2","deviceName":"Xiaomi M2004J19C (Android 10)","newCommandTimeout":1800,"platformVersion":"10","systemPort":8241,"udid":"d4f4d8990312"},"platformName":"android","deviceId":"d4f4d8990312","chromedriverPort":61313,"appActivity":".Settings","appPackage":"com.android.settings","autoGrantPermissions":true,"automationName":"uiautomator2","deviceName":"d4f4d8990312","newCommandTimeout":1800,"platformVersion":"10","systemPort":8241,"udid":"d4f4d8990312","deviceUDID":"d4f4d8990312","deviceApiLevel":29,"deviceScreenSize":"2340x1080","deviceScreenDensity":440,"deviceModel":"M2004J19C"...
[35m[HTTP][39m [37m<-- POST /wd/hub/session [39m[32m200[39m [90m14067 ms - 1213[39m
[35m[HTTP][39m [90m[39m
[35m[HTTP][39m [37m-->[39m [37mGET[39m [37m/wd/hub/session/857cfcf7-604f-4cfb-b629-245b507520b2[39m
[35m[HTTP][39m [90m{}[39m
[debug] [35m[W3C (857cfcf7)][39m Calling AppiumDriver.getSession() with args: ["857cfcf7-604f-4cfb-b629-245b507520b2"]
[debug] [35m[UiAutomator2][39m Getting session details from server to mix in
[debug] [35m[WD Proxy][39m Matched '/' to command name 'getSession'
[debug] [35m[WD Proxy][39m Proxying [GET /] to [GET http://127.0.0.1:8241/wd/hub/session/3aa88fec-ab11-45b8-a052-1569659d5e9b] with no body
[debug] [35m[WD Proxy][39m Got response with status 200: {"sessionId":"3aa88fec-ab11-45b8-a052-1569659d5e9b","value":{"lastScrollData":null}}
[debug] [35m[W3C (857cfcf7)][39m Responding to client with driver.getSession() result: {"platform":"ANDROID","webStorageEnabled":false,"takesScreenshot":true,"javascriptEnabled":true,"databaseEnabled":false,"networkConnectionEnabled":true,"locationContextEnabled":false,"warnings":{},"desired":{"platformName":"android","deviceId":"d4f4d8990312","platform":"ANDROID","chromedriverPort":61313,"appActivity":".Settings","appPackage":"com.android.settings","autoGrantPermissions":true,"automationName":"uiautomator2","deviceName":"Xiaomi M2004J19C (Android 10)","newCommandTimeout":1800,"platformVersion":"10","systemPort":8241,"udid":"d4f4d8990312"},"platformName":"android","deviceId":"d4f4d8990312","chromedriverPort":61313,"appActivity":".Settings","appPackage":"com.android.settings","autoGrantPermissions":true,"automationName":"uiautomator2","deviceName":"d4f4d8990312","newCommandTimeout":1800,"platformVersion":"10","systemPort":8241,"udid":"d4f4d8990312","deviceUDID":"d4f4d8990312","deviceApiLevel":29,"deviceScreenSize":"2340x1080","deviceScreenDensity":440,"deviceModel":"M2004J19C","deviceManufact...
[35m[HTTP][39m [37m<-- GET /wd/hub/session/857cfcf7-604f-4cfb-b629-245b507520b2 [39m[32m200[39m [90m16 ms - 1167[39m
[35m[HTTP][39m [90m[39m
[35m[HTTP][39m [37m-->[39m [37mGET[39m [37m/wd/hub/session/857cfcf7-604f-4cfb-b629-245b507520b2[39m
[35m[HTTP][39m [90m{}[39m
[debug] [35m[W3C (857cfcf7)][39m Calling AppiumDriver.getSession() with args: ["857cfcf7-604f-4cfb-b629-245b507520b2"]
[debug] [35m[UiAutomator2][39m Getting session details from server to mix in
[debug] [35m[WD Proxy][39m Matched '/' to command name 'getSession'
[debug] [35m[WD Proxy][39m Proxying [GET /] to [GET http://127.0.0.1:8241/wd/hub/session/3aa88fec-ab11-45b8-a052-1569659d5e9b] with no body
[debug] [35m[WD Proxy][39m Got response with status 200: {"sessionId":"3aa88fec-ab11-45b8-a052-1569659d5e9b","value":{"lastScrollData":null}}
[debug] [35m[W3C (857cfcf7)][39m Responding to client with driver.getSession() result: {"platform":"ANDROID","webStorageEnabled":false,"takesScreenshot":true,"javascriptEnabled":true,"databaseEnabled":false,"networkConnectionEnabled":true,"locationContextEnabled":false,"warnings":{},"desired":{"platformName":"android","deviceId":"d4f4d8990312","platform":"ANDROID","chromedriverPort":61313,"appActivity":".Settings","appPackage":"com.android.settings","autoGrantPermissions":true,"automationName":"uiautomator2","deviceName":"Xiaomi M2004J19C (Android 10)","newCommandTimeout":1800,"platformVersion":"10","systemPort":8241,"udid":"d4f4d8990312"},"platformName":"android","deviceId":"d4f4d8990312","chromedriverPort":61313,"appActivity":".Settings","appPackage":"com.android.settings","autoGrantPermissions":true,"automationName":"uiautomator2","deviceName":"d4f4d8990312","newCommandTimeout":1800,"platformVersion":"10","systemPort":8241,"udid":"d4f4d8990312","deviceUDID":"d4f4d8990312","deviceApiLevel":29,"deviceScreenSize":"2340x1080","deviceScreenDensity":440,"deviceModel":"M2004J19C","deviceManufact...
[35m[HTTP][39m [37m<-- GET /wd/hub/session/857cfcf7-604f-4cfb-b629-245b507520b2 [39m[32m200[39m [90m51 ms - 1167[39m
[35m[HTTP][39m [90m[39m
[35m[HTTP][39m [37m-->[39m [37mGET[39m [37m/wd/hub/status[39m
[35m[HTTP][39m [90m{}[39m
[debug] [35m[GENERIC][39m Calling AppiumDriver.getStatus() with args: []
[debug] [35m[GENERIC][39m Responding to client with driver.getStatus() result: {"build":{"version":"1.22.3"}}
[35m[HTTP][39m [37m<-- GET /wd/hub/status [39m[32m200[39m [90m1 ms - 68[39m
[35m[HTTP][39m [90m[39m
[35m[HTTP][39m [37m-->[39m [37mPOST[39m [37m/wd/hub/session/857cfcf7-604f-4cfb-b629-245b507520b2/timeouts[39m
[35m[HTTP][39m [90m{"implicit":60000}[39m
[debug] [35m[W3C (857cfcf7)][39m Calling AppiumDriver.timeouts() with args: [null,null,null,null,60000,"857cfcf7-604f-4cfb-b629-245b507520b2"]
[debug] [35m[BaseDriver][39m W3C timeout argument: {"implicit":60000}}
[debug] [35m[BaseDriver][39m Set implicit wait to 60000ms
[debug] [35m[W3C (857cfcf7)][39m Responding to client with driver.timeouts() result: null
[35m[HTTP][39m [37m<-- POST /wd/hub/session/857cfcf7-604f-4cfb-b629-245b507520b2/timeouts [39m[32m200[39m [90m4 ms - 14[39m
[35m[HTTP][39m [90m[39m
[35m[HTTP][39m [37m-->[39m [37mGET[39m [37m/wd/hub/session/857cfcf7-604f-4cfb-b629-245b507520b2/screenshot[39m
[35m[HTTP][39m [90m{}[39m
[debug] [35m[W3C (857cfcf7)][39m Calling AppiumDriver.getScreenshot() with args: ["857cfcf7-604f-4cfb-b629-245b507520b2"]
[debug] [35m[WD Proxy][39m Matched '/screenshot' to command name 'getScreenshot'
[debug] [35m[WD Proxy][39m Proxying [GET /screenshot] to [GET http://127.0.0.1:8241/wd/hub/session/3aa88fec-ab11-45b8-a052-1569659d5e9b/screenshot] with no body
[debug] [35m[WD Proxy][39m Got response with status 200: {"sessionId":"3aa88fec-ab11-45b8-a052-1569659d5e9b","value":"iVBORw0KGgoAAAANSUhEUgAABDgAAAkkCAYAAAD508+vAAAAAXNSR0IArs4c6QAAAARzQklUCAgI\nCHwIZIgAACAASURBVHic7N19sG3nfAfw76/ESxQVokS9lGq0HdR7SUq8ZNqhtPVW1EtIQ5QgEWMm\n1FtjhKYUQaSpRkdlBp0xoTEjNJomTEWYtlSTjtfWRbTSkAQJ+fWPtY6777rn3HvOPvucm3vu5zNz\nZu/9rGc961n37LPvXr/1e56nknSSCivq7pOTPGVSfEJVnTFHW7dMcn6Sm88UX5rkAVX1o7k7OYfu\n3i/J55PcdKb46qq60zJ1D09yyqTu1BeT/Mqk7C1VddL6egoAsHvd/bmZl1cl2X98flmSo6rqS/O0\nVVX3WkwP16a7TxmP//xJv95aVe9a0DEqyROSvCjJjcfj3Wtm++em+6xx++HLbD9n3R3fjVWc1y77\ntd7ti9bdD0/yG0lOq6rvTLbdNskxSX47q7uuuzDJm6rqi5N2bpTkeUl+kuSUqvrxWL5fktcneWiS\nv0/yiqq6trsflORtSc6tquPWeX47vI9mf1dPOP/And5j7z/0O3P/TXb3M5K8MsmNJpsuSHLI+PyM\nqjph3mPs4tifzczvaOk8l/k7undV9ZzHODrJc1bYfHFVPWmedvcW14/gxmY7KjsGN5Lkg5sd3EiS\nqrqmu7+R5G4zxTfo7p+vqm9P6p7T3b+b5Pgkv5kdAx1fT3JmkiuTvGZymAsX33MAgB1192GTormD\nG6MfZLww7u4HV9V56+vhXA5ZofyY7t6/qk5ZwDH+PMOF61azpc6rqj6e5OPT8u4+Islzk9xgDc3d\nL8l7u/sDSd5QVdeMx/hhhn+3qV9I8oUkX07y9qq6diz//Pi4/zL7XGdV1bu7+zNJHpvkdhmuYc4Z\nny/9zW32Ncz3s/36ats62zps...
[debug] [35m[W3C (857cfcf7)][39m Responding to client with driver.getScreenshot() result: "iVBORw0KGgoAAAANSUhEUgAABDgAAAkkCAYAAAD508+vAAAAAXNSR0IArs4c6QAAAARzQklUCAgI\nCHwIZIgAACAASURBVHic7N19sG3nfAfw76/ESxQVokS9lGq0HdR7SUq8ZNqhtPVW1EtIQ5QgEWMm\n1FtjhKYUQaSpRkdlBp0xoTEjNJomTEWYtlSTjtfWRbTSkAQJ+fWPtY6777rn3HvOPvucm3vu5zNz\nZu/9rGc961n37LPvXr/1e56nknSSCivq7pOTPGVSfEJVnTFHW7dMcn6Sm88UX5rkAVX1o7k7OYfu\n3i/J55PcdKb46qq60zJ1D09yyqTu1BeT/Mqk7C1VddL6egoAsHvd/bmZl1cl2X98flmSo6rqS/O0\nVVX3WkwP16a7TxmP//xJv95aVe9a0DEqyROSvCjJjcfj3Wtm++em+6xx++HLbD9n3R3fjVWc1y77\ntd7ti9bdD0/yG0lOq6rvTLbdNskxSX47q7uuuzDJm6rqi5N2bpTkeUl+kuSUqvrxWL5fktcneWiS\nv0/yiqq6trsflORtSc6tquPWeX47vI9mf1dPOP/And5j7z/0O3P/TXb3M5K8MsmNJpsuSHLI+PyM\nqjph3mPs4tifzczvaOk8l/k7undV9ZzHODrJc1bYfHFVPWmedvcW14/gxmY7KjsGN5Lkg5sd3EiS\nqrqmu7+R5G4zxTfo7p+vqm9P6p7T3b+b5Pgkv5kdAx1fT3JmkiuTvGZymAsX33MAgB1192GTormD\nG6MfZLww7u4HV9V56+vhXA5ZofyY7t6/qk5ZwDH+PMOF61azpc6rqj6e5OPT8u4+Islzk9xgDc3d\nL8l7u/sDSd5QVdeMx/hhhn+3qV9I8oUkX07y9qq6diz//Pi4/zL7XGdV1bu7+zNJHpvkdhmuYc4Z\nny/9zW32Ncz3s/36ats62zpshfKLkzx7nW1f511/T3dgX9LdN0zyxEnxD5MsJAK/QDderrCq/iPJ\nH43n8U...
[35m[HTTP][39m [37m<-- GET /wd/hub/session/857cfcf7-604f-4cfb-b629-245b507520b2/screenshot [39m[32m200[39m [90m1644 ms - 17402[39m
[35m[HTTP][39m [90m[39m
[35m[HTTP][39m [37m-->[39m [37mGET[39m [37m/wd/hub/session/857cfcf7-604f-4cfb-b629-245b507520b2/window/rect[39m
[35m[HTTP][39m [90m{}[39m
[debug] [35m[W3C (857cfcf7)][39m Calling AppiumDriver.getWindowRect() with args: ["857cfcf7-604f-4cfb-b629-245b507520b2"]
[debug] [35m[WD Proxy][39m Matched '/window/current/size' to command name 'getWindowSize'
[debug] [35m[WD Proxy][39m Proxying [GET /window/current/size] to [GET http://127.0.0.1:8241/wd/hub/session/3aa88fec-ab11-45b8-a052-1569659d5e9b/window/current/size] with no body
[debug] [35m[WD Proxy][39m Got response with status 200: {"sessionId":"3aa88fec-ab11-45b8-a052-1569659d5e9b","value":{"height":2134,"width":1080}}
[debug] [35m[W3C (857cfcf7)][39m Responding to client with driver.getWindowRect() result: {"width":1080,"height":2134,"x":0,"y":0}
[35m[HTTP][39m [37m<-- GET /wd/hub/session/857cfcf7-604f-4cfb-b629-245b507520b2/window/rect [39m[32m200[39m [90m48 ms - 50[39m
[35m[HTTP][39m [90m[39m
[35m[HTTP][39m [37m-->[39m [37mGET[39m [37m/wd/hub/session/857cfcf7-604f-4cfb-b629-245b507520b2/appium/device/system_bars[39m
[35m[HTTP][39m [90m{}[39m
[debug] [35m[W3C (857cfcf7)][39m Calling AppiumDriver.getSystemBars() with args: ["857cfcf7-604f-4cfb-b629-245b507520b2"]
[debug] [35m[ADB][39m Running 'C:\Users\Harrys\.katalon\tools\android_sdk\platform-tools\adb.exe -P 5037 -s d4f4d8990312 shell dumpsys window windows'
[debug] [35m[W3C (857cfcf7)][39m Responding to client with driver.getSystemBars() result: {"statusBar":{"visible":true,"x":0,"y":0,"width":1080,"height":76},"navigationBar":{"visible":true,"x":0,"y":0,"width":1080,"height":130}}
[35m[HTTP][39m [37m<-- GET /wd/hub/session/857cfcf7-604f-4cfb-b629-245b507520b2/appium/device/system_bars [39m[32m200[39m [90m204 ms - 148[39m
[35m[HTTP][39m [90m[39m
[35m[HTTP][39m [37m-->[39m [37mPOST[39m [37m/wd/hub/session/857cfcf7-604f-4cfb-b629-245b507520b2/appium/device/activate_app[39m
[35m[HTTP][39m [90m{"bundleId":"com.luna.pos"}[39m
[debug] [35m[W3C (857cfcf7)][39m Calling AppiumDriver.activateApp() with args: ["com.luna.pos",null,null,null,"857cfcf7-604f-4cfb-b629-245b507520b2"]
[debug] [35m[AndroidDriver][39m Activating 'com.luna.pos' with 'adb shell monkey -p com.luna.pos -c android.intent.category.LAUNCHER 1' command
[debug] [35m[ADB][39m Running 'C:\Users\Harrys\.katalon\tools\android_sdk\platform-tools\adb.exe -P 5037 -s d4f4d8990312 shell monkey -p com.luna.pos -c android.intent.category.LAUNCHER 1'
[debug] [35m[AndroidDriver][39m Command stdout: bash arg: -p
[debug] [35m[AndroidDriver][39m   bash arg: com.luna.pos
[debug] [35m[AndroidDriver][39m   bash arg: -c
[debug] [35m[AndroidDriver][39m   bash arg: android.intent.category.LAUNCHER
[debug] [35m[AndroidDriver][39m   bash arg: 1
[debug] [35m[AndroidDriver][39m Events injected: 1
[debug] [35m[AndroidDriver][39m ## Network stats: elapsed time=554ms (0ms mobile, 0ms wifi, 554ms not connected)
[debug] [35m[W3C (857cfcf7)][39m Responding to client with driver.activateApp() result: null
[35m[HTTP][39m [37m<-- POST /wd/hub/session/857cfcf7-604f-4cfb-b629-245b507520b2/appium/device/activate_app [39m[32m200[39m [90m2874 ms - 14[39m
[35m[HTTP][39m [90m[39m
[35m[HTTP][39m [37m-->[39m [37mGET[39m [37m/wd/hub/session/857cfcf7-604f-4cfb-b629-245b507520b2/source[39m
[35m[HTTP][39m [90m{}[39m
[35m[W3C (857cfcf7)][39m Driver proxy active, passing request on via HTTP proxy
[debug] [35m[WD Proxy][39m Matched '/wd/hub/session/857cfcf7-604f-4cfb-b629-245b507520b2/source' to command name 'getPageSource'
[debug] [35m[WD Proxy][39m Proxying [GET /wd/hub/session/857cfcf7-604f-4cfb-b629-245b507520b2/source] to [GET http://127.0.0.1:8241/wd/hub/session/3aa88fec-ab11-45b8-a052-1569659d5e9b/source] with no body
[debug] [35m[WD Proxy][39m Got response with status 200: {"sessionId":"3aa88fec-ab11-45b8-a052-1569659d5e9b","value":"<?xml version='1.0' encoding='UTF-8' standalone='yes' ?>\r\n<hierarchy index=\"0\" class=\"hierarchy\" rotation=\"1\" width=\"2134\" height=\"1080\">\r\n  <android.widget.FrameLayout index=\"0\" package=\"com.luna.pos\" class=\"android.widget.FrameLayout\" text=\"\" checkable=\"false\" checked=\"false\" clickable=\"false\" enabled=\"true\" focusable=\"false\" focused=\"false\" long-clickable=\"false\" password=\"false\" scrollable=\"false\" selected=\"false\" bounds=\"[76,0][2134,1080]\" displayed=\"true\">\r\n    <android.widget.LinearLayout index=\"0\" package=\"com.luna.pos\" class=\"android.widget.LinearLayout\" text=\"\" checkable=\"false\" checked=\"false\" clickable=\"false\" enabled=\"true\" focusable=\"false\" focused=\"false\" long-clickable=\"false\" password=\"false\" scrollable=\"false\" selected=\"false\" bounds=\"[76,0][2134,1080]\" displayed=\"true\">\r\n      <android.widget.FrameLayout index=\"0\" package=\"com.luna.pos\" class=...
[35m[WD Proxy][39m Replacing sessionId 3aa88fec-ab11-45b8-a052-1569659d5e9b with 857cfcf7-604f-4cfb-b629-245b507520b2
[35m[HTTP][39m [37m<-- GET /wd/hub/session/857cfcf7-604f-4cfb-b629-245b507520b2/source [39m[32m200[39m [90m2022 ms - 20916[39m
[35m[HTTP][39m [90m[39m
[35m[HTTP][39m [37m-->[39m [37mGET[39m [37m/wd/hub/session/857cfcf7-604f-4cfb-b629-245b507520b2/screenshot[39m
[35m[HTTP][39m [90m{}[39m
[debug] [35m[W3C (857cfcf7)][39m Calling AppiumDriver.getScreenshot() with args: ["857cfcf7-604f-4cfb-b629-245b507520b2"]
[debug] [35m[WD Proxy][39m Matched '/screenshot' to command name 'getScreenshot'
[debug] [35m[WD Proxy][39m Proxying [GET /screenshot] to [GET http://127.0.0.1:8241/wd/hub/session/3aa88fec-ab11-45b8-a052-1569659d5e9b/screenshot] with no body
[debug] [35m[WD Proxy][39m Got response with status 200: {"sessionId":"3aa88fec-ab11-45b8-a052-1569659d5e9b","value":"iVBORw0KGgoAAAANSUhEUgAACSQAAAQ4CAYAAAAaFkDuAAAAAXNSR0IArs4c6QAAAARzQklUCAgI\nCHwIZIgAACAASURBVHic7N15fFTl3ffx75klk43sG0mAEMIS9j2AyKKgbIIIWBWr9bG24tL27mZ7\nV/v07nI/ttX2vrtpW2tb930FEUEBRdllJ7JvYUkCCWRPZjnPH5MMGSZ7JgTw837p68Vc58w51zUJ\nzEnOd34/Q5IptNjMIQ919hQAAAAAAAAAAAAAAAAuSX9771tKTU3t7Gmgk1k6ewIAAAAAAAAAAAAA\nAAAArhwEkgAAAAAAAAAAAAAAAAAEDYEkAAAAAAAAAAAAAAAAAEFDIAkAAAAAAAAAAAAAAABA0BBI\nAgAAAAAAAAAAAAAAABA0BJIAAAAAAAAAAAAAAAAABA2BJAAAAAAAAAAAAAAAAABBQyAJAAAAAAAA\nAAAAAAAAQNAQSAIAAAAAAAAAAAAAAAAQNASSAAAAAAAAAAAAAAAAAAQNgSQAAAAAAAAAAAAAAAAA\nQUMgCQAAAAAAAAAAAAAAAEDQEEgCAAAAAAAAAAAAAAAAEDQEkgAAAAAAAAAAAAAAAAAEDYEkAAAA\nAAAAAAAAAAAAAEFDIAkAAAAAAAAAAAAAAABA0BBIAgAAAAAAAAAAAAAAABA0BJIAAAAAAAAAAAAA\nAAAABA2BJAAAAAAAAAAAAAAAAABBQyAJAAAAAAAAAAAAAAAAQNAQSAIAAAAAAAAAAAAAAAAQNASS\nAAAAAAAAAAAAAAAAAAQNgSQAAAAAAAAAAAAAAAAAQUMgCQAAAAAAAAAAAAAAAEDQEEgCAAAAAAAA\nAAAAAAAAEDQEkgAAAAAAAAAAAAAAAAAEDYEkAAAAAAAAAAAAAAAAAEFDIAkAAAAAAAAAAAAAAABA\n0Ng6ewIA0JEMw5AkmabZyTNp...
[debug] [35m[W3C (857cfcf7)][39m Responding to client with driver.getScreenshot() result: "iVBORw0KGgoAAAANSUhEUgAACSQAAAQ4CAYAAAAaFkDuAAAAAXNSR0IArs4c6QAAAARzQklUCAgI\nCHwIZIgAACAASURBVHic7N15fFTl3ffx75klk43sG0mAEMIS9j2AyKKgbIIIWBWr9bG24tL27mZ7\nV/v07nI/ttX2vrtpW2tb930FEUEBRdllJ7JvYUkCCWRPZjnPH5MMGSZ7JgTw837p68Vc58w51zUJ\nzEnOd34/Q5IptNjMIQ919hQAAAAAAAAAAAAAAAAuSX9771tKTU3t7Gmgk1k6ewIAAAAAAAAAAAAA\nAAAArhwEkgAAAAAAAAAAAAAAAAAEDYEkAAAAAAAAAAAAAAAAAEFDIAkAAAAAAAAAAAAAAABA0BBI\nAgAAAAAAAAAAAAAAABA0BJIAAAAAAAAAAAAAAAAABA2BJAAAAAAAAAAAAAAAAABBQyAJAAAAAAAA\nAAAAAAAAQNAQSAIAAAAAAAAAAAAAAAAQNASSAAAAAAAAAAAAAAAAAAQNgSQAAAAAAAAAAAAAAAAA\nQUMgCQAAAAAAAAAAAAAAAEDQEEgCAAAAAAAAAAAAAAAAEDQEkgAAAAAAAAAAAAAAAAAEDYEkAAAA\nAAAAAAAAAAAAAEFDIAkAAAAAAAAAAAAAAABA0BBIAgAAAAAAAAAAAAAAABA0BJIAAAAAAAAAAAAA\nAAAABA2BJAAAAAAAAAAAAAAAAABBQyAJAAAAAAAAAAAAAAAAQNAQSAIAAAAAAAAAAAAAAAAQNASS\nAAAAAAAAAAAAAAAAAAQNgSQAAAAAAAAAAAAAAAAAQUMgCQAAAAAAAAAAAAAAAEDQEEgCAAAAAAAA\nAAAAAAAAEDQEkgAAAAAAAAAAAAAAAAAEDYEkAAAAAAAAAAAAAAAAAEFDIAkAAAAAAAAAAAAAAABA\n0Ng6ewIA0JEMw5AkmabZyTNpObvNpQEZJzV73DYN73FEFsOUXB7JY8qUKdNpaHteN729cah2HO2m\nGpe9s6...
[35m[HTTP][39m [37m<-- GET /wd/hub/session/857cfcf7-604f-4cfb-b629-245b507520b2/screenshot [39m[32m200[39m [90m1001 ms - 127022[39m
[35m[HTTP][39m [90m[39m
[35m[HTTP][39m [37m-->[39m [37mPOST[39m [37m/wd/hub/session/857cfcf7-604f-4cfb-b629-245b507520b2/elements[39m
[35m[HTTP][39m [90m{"using":"xpath","value":"//*[@class = 'android.widget.TextView' and (@text = 'Wonderland Cafe & Resto' or . = 'Wonderland Cafe & Resto')]"}[39m
[debug] [35m[W3C (857cfcf7)][39m Calling AppiumDriver.findElements() with args: ["xpath","//*[@class = 'android.widget.TextView' and (@text = 'Wonderland Cafe & Resto' or . = 'Wonderland Cafe & Resto')]","857cfcf7-604f-4cfb-b629-245b507520b2"]
[debug] [35m[BaseDriver][39m Valid locator strategies for this request: xpath, id, class name, accessibility id, css selector, -android uiautomator
[debug] [35m[BaseDriver][39m Waiting up to 60000 ms for condition
[debug] [35m[WD Proxy][39m Matched '/elements' to command name 'findElements'
[debug] [35m[WD Proxy][39m Proxying [POST /elements] to [POST http://127.0.0.1:8241/wd/hub/session/3aa88fec-ab11-45b8-a052-1569659d5e9b/elements] with body: {"strategy":"xpath","selector":"//*[@class = 'android.widget.TextView' and (@text = 'Wonderland Cafe & Resto' or . = 'Wonderland Cafe & Resto')]","context":"","multiple":true}
[debug] [35m[WD Proxy][39m Got response with status 200: {"sessionId":"3aa88fec-ab11-45b8-a052-1569659d5e9b","value":[{"ELEMENT":"00000000-0000-0025-ffff-ffff00000097","element-6066-11e4-a52e-4f735466cecf":"00000000-0000-0025-ffff-ffff00000097"}]}
[debug] [35m[W3C (857cfcf7)][39m Responding to client with driver.findElements() result: [{"element-6066-11e4-a52e-4f735466cecf":"00000000-0000-0025-ffff-ffff00000097","ELEMENT":"00000000-0000-0025-ffff-ffff00000097"}]
[35m[HTTP][39m [37m<-- POST /wd/hub/session/857cfcf7-604f-4cfb-b629-245b507520b2/elements [39m[32m200[39m [90m659 ms - 139[39m
[35m[HTTP][39m [90m[39m
[35m[HTTP][39m [37m-->[39m [37mGET[39m [37m/wd/hub/session/857cfcf7-604f-4cfb-b629-245b507520b2/source[39m
[35m[HTTP][39m [90m{}[39m
[35m[W3C (857cfcf7)][39m Driver proxy active, passing request on via HTTP proxy
[debug] [35m[WD Proxy][39m Matched '/wd/hub/session/857cfcf7-604f-4cfb-b629-245b507520b2/source' to command name 'getPageSource'
[debug] [35m[WD Proxy][39m Proxying [GET /wd/hub/session/857cfcf7-604f-4cfb-b629-245b507520b2/source] to [GET http://127.0.0.1:8241/wd/hub/session/3aa88fec-ab11-45b8-a052-1569659d5e9b/source] with no body
[debug] [35m[WD Proxy][39m Got response with status 200: {"sessionId":"3aa88fec-ab11-45b8-a052-1569659d5e9b","value":"<?xml version='1.0' encoding='UTF-8' standalone='yes' ?>\r\n<hierarchy index=\"0\" class=\"hierarchy\" rotation=\"1\" width=\"2134\" height=\"1080\">\r\n  <android.widget.FrameLayout index=\"0\" package=\"com.luna.pos\" class=\"android.widget.FrameLayout\" text=\"\" checkable=\"false\" checked=\"false\" clickable=\"false\" enabled=\"true\" focusable=\"false\" focused=\"false\" long-clickable=\"false\" password=\"false\" scrollable=\"false\" selected=\"false\" bounds=\"[76,0][2134,1080]\" displayed=\"true\">\r\n    <android.widget.LinearLayout index=\"0\" package=\"com.luna.pos\" class=\"android.widget.LinearLayout\" text=\"\" checkable=\"false\" checked=\"false\" clickable=\"false\" enabled=\"true\" focusable=\"false\" focused=\"false\" long-clickable=\"false\" password=\"false\" scrollable=\"false\" selected=\"false\" bounds=\"[76,0][2134,1080]\" displayed=\"true\">\r\n      <android.widget.FrameLayout index=\"0\" package=\"com.luna.pos\" class=...
[35m[WD Proxy][39m Replacing sessionId 3aa88fec-ab11-45b8-a052-1569659d5e9b with 857cfcf7-604f-4cfb-b629-245b507520b2
[35m[HTTP][39m [37m<-- GET /wd/hub/session/857cfcf7-604f-4cfb-b629-245b507520b2/source [39m[32m200[39m [90m559 ms - 4264[39m
[35m[HTTP][39m [90m[39m
[35m[HTTP][39m [37m-->[39m [37mGET[39m [37m/wd/hub/session/857cfcf7-604f-4cfb-b629-245b507520b2/screenshot[39m
[35m[HTTP][39m [90m{}[39m
[debug] [35m[W3C (857cfcf7)][39m Calling AppiumDriver.getScreenshot() with args: ["857cfcf7-604f-4cfb-b629-245b507520b2"]
[debug] [35m[WD Proxy][39m Matched '/screenshot' to command name 'getScreenshot'
[debug] [35m[WD Proxy][39m Proxying [GET /screenshot] to [GET http://127.0.0.1:8241/wd/hub/session/3aa88fec-ab11-45b8-a052-1569659d5e9b/screenshot] with no body
[debug] [35m[WD Proxy][39m Got response with status 200: {"sessionId":"3aa88fec-ab11-45b8-a052-1569659d5e9b","value":"iVBORw0KGgoAAAANSUhEUgAACSQAAAQ4CAYAAAAaFkDuAAAAAXNSR0IArs4c6QAAAARzQklUCAgI\nCHwIZIgAACAASURBVHic7N15eJT1vf//1z1LJhvZE0IIEELY930RQRQQBEEEN7Baj+2puLQ93ew5\n1Z6e8237s63anrbWLta27vsKIoICirLvS4SwE7YkJJA9meX+/THJkGGykdwhgM/HJdeVuZfP/bkn\nMXNP7te834YkU2i2GYMfbu8pAAAAAAAAAAAAAAAAXJL++sG3lZaW1t7TQDuztfcEAAAAAAAAAAAA\nAAAAAFw5CCQBAAAAAAAAAAAAAAAAsAyBJAAAAAAAAAAAAAAAAACWIZAEAAAAAAAAAAAAAAAAwDIE\nkgAAAAAAAAAAAAAAAABYhkASAAAAAAAAAAAAAAAAAMsQSAIAAAAAAAAAAAAAAABgGQJJAAAAAAAA\nAAAAAAAAACxDIAkAAAAAAAAAAAAAAACAZQgkAQAAAAAAAAAAAAAAALAMgSQAAAAAAAAAAAAAAAAA\nliGQBAAAAAAAAAAAAAAAAMAyBJIAAAAAAAAAAAAAAAAAWIZAEgAAAAAAAAAAAAAAAADLEEgCAAAA\nAAAAAAAAAAAAYBkCSQAAAAAAAAAAAAAAAAAsQyAJAAAAAAAAAAAAAAAAgGUIJAEAAAAAAAAAAAAA\nAACwDIEkAAAAAAAAAAAAAAAAAJYhkAQAAAAAAAAAAAAAAADAMgSSAAAAAAAAAAAAAAAAAFiGQBIA\nAAAAAAAAAAAAAAAAyxBIAgAAAAAAAAAAAAAAAGAZAkkAAAAAAAAAAAAAAAAALEMgCQAAAAAAAAAA\nAAAAAIBlCCQBAAAAAAAAAAAAAAAAsAyBJAAAAAAAAAAAAAAAAACWIZAEAAAAAAAAAAAAAAAAwDKO\n9p4AALQlwzAkSaZptvNMms/p...
[debug] [35m[W3C (857cfcf7)][39m Responding to client with driver.getScreenshot() result: "iVBORw0KGgoAAAANSUhEUgAACSQAAAQ4CAYAAAAaFkDuAAAAAXNSR0IArs4c6QAAAARzQklUCAgI\nCHwIZIgAACAASURBVHic7N15eJT1vf//1z1LJhvZE0IIEELY930RQRQQBEEEN7Baj+2puLQ93ew5\n1Z6e8237s63anrbWLta27vsKIoICirLvS4SwE7YkJJA9meX+/THJkGGykdwhgM/HJdeVuZfP/bkn\nMXNP7te834YkU2i2GYMfbu8pAAAAAAAAAAAAAAAAXJL++sG3lZaW1t7TQDuztfcEAAAAAAAAAAAA\nAAAAAFw5CCQBAAAAAAAAAAAAAAAAsAyBJAAAAAAAAAAAAAAAAACWIZAEAAAAAAAAAAAAAAAAwDIE\nkgAAAAAAAAAAAAAAAABYhkASAAAAAAAAAAAAAAAAAMsQSAIAAAAAAAAAAAAAAABgGQJJAAAAAAAA\nAAAAAAAAACxDIAkAAAAAAAAAAAAAAACAZQgkAQAAAAAAAAAAAAAAALAMgSQAAAAAAAAAAAAAAAAA\nliGQBAAAAAAAAAAAAAAAAMAyBJIAAAAAAAAAAAAAAAAAWIZAEgAAAAAAAAAAAAAAAADLEEgCAAAA\nAAAAAAAAAAAAYBkCSQAAAAAAAAAAAAAAAAAsQyAJAAAAAAAAAAAAAAAAgGUIJAEAAAAAAAAAAAAA\nAACwDIEkAAAAAAAAAAAAAAAAAJYhkAQAAAAAAAAAAAAAAADAMgSSAAAAAAAAAAAAAAAAAFiGQBIA\nAAAAAAAAAAAAAAAAyxBIAgAAAAAAAAAAAAAAAGAZAkkAAAAAAAAAAAAAAAAALEMgCQAAAAAAAAAA\nAAAAAIBlCCQBAAAAAAAAAAAAAAAAsAyBJAAAAAAAAAAAAAAAAACWIZAEAAAAAAAAAAAAAAAAwDKO\n9p4AALQlwzAkSaZptvNMms/p8Kh/xgnNGrdNw7odls0wJY9P8pkyZcp0G9qe20XvbhiiHUe6qNrj\nbO8pAw...
[35m[HTTP][39m [37m<-- GET /wd/hub/session/857cfcf7-604f-4cfb-b629-245b507520b2/screenshot [39m[32m200[39m [90m837 ms - 132778[39m
[35m[HTTP][39m [90m[39m
[35m[HTTP][39m [37m-->[39m [37mGET[39m [37m/wd/hub/session/857cfcf7-604f-4cfb-b629-245b507520b2/source[39m
[35m[HTTP][39m [90m{}[39m
[35m[W3C (857cfcf7)][39m Driver proxy active, passing request on via HTTP proxy
[debug] [35m[WD Proxy][39m Matched '/wd/hub/session/857cfcf7-604f-4cfb-b629-245b507520b2/source' to command name 'getPageSource'
[debug] [35m[WD Proxy][39m Proxying [GET /wd/hub/session/857cfcf7-604f-4cfb-b629-245b507520b2/source] to [GET http://127.0.0.1:8241/wd/hub/session/3aa88fec-ab11-45b8-a052-1569659d5e9b/source] with no body
[debug] [35m[WD Proxy][39m Got response with status 200: {"sessionId":"3aa88fec-ab11-45b8-a052-1569659d5e9b","value":"<?xml version='1.0' encoding='UTF-8' standalone='yes' ?>\r\n<hierarchy index=\"0\" class=\"hierarchy\" rotation=\"1\" width=\"2134\" height=\"1080\">\r\n  <android.widget.FrameLayout index=\"0\" package=\"com.luna.pos\" class=\"android.widget.FrameLayout\" text=\"\" checkable=\"false\" checked=\"false\" clickable=\"false\" enabled=\"true\" focusable=\"false\" focused=\"false\" long-clickable=\"false\" password=\"false\" scrollable=\"false\" selected=\"false\" bounds=\"[76,0][2134,1080]\" displayed=\"true\">\r\n    <android.widget.LinearLayout index=\"0\" package=\"com.luna.pos\" class=\"android.widget.LinearLayout\" text=\"\" checkable=\"false\" checked=\"false\" clickable=\"false\" enabled=\"true\" focusable=\"false\" focused=\"false\" long-clickable=\"false\" password=\"false\" scrollable=\"false\" selected=\"false\" bounds=\"[76,0][2134,1080]\" displayed=\"true\">\r\n      <android.widget.FrameLayout index=\"0\" package=\"com.luna.pos\" class=...
[35m[WD Proxy][39m Replacing sessionId 3aa88fec-ab11-45b8-a052-1569659d5e9b with 857cfcf7-604f-4cfb-b629-245b507520b2
[35m[HTTP][39m [37m<-- GET /wd/hub/session/857cfcf7-604f-4cfb-b629-245b507520b2/source [39m[32m200[39m [90m191 ms - 11760[39m
[35m[HTTP][39m [90m[39m
[35m[HTTP][39m [37m-->[39m [37mGET[39m [37m/wd/hub/session/857cfcf7-604f-4cfb-b629-245b507520b2/screenshot[39m
[35m[HTTP][39m [90m{}[39m
[debug] [35m[W3C (857cfcf7)][39m Calling AppiumDriver.getScreenshot() with args: ["857cfcf7-604f-4cfb-b629-245b507520b2"]
[debug] [35m[WD Proxy][39m Matched '/screenshot' to command name 'getScreenshot'
[debug] [35m[WD Proxy][39m Proxying [GET /screenshot] to [GET http://127.0.0.1:8241/wd/hub/session/3aa88fec-ab11-45b8-a052-1569659d5e9b/screenshot] with no body
[debug] [35m[WD Proxy][39m Got response with status 200: {"sessionId":"3aa88fec-ab11-45b8-a052-1569659d5e9b","value":"iVBORw0KGgoAAAANSUhEUgAACSQAAAQ4CAYAAAAaFkDuAAAAAXNSR0IArs4c6QAAAARzQklUCAgI\nCHwIZIgAACAASURBVHic7N15fFT1vf/x95klk43sG0mAEMIS9n0TQRQUBUUEN7Bar+2tuLS93ey9\n1d7ee9v+bKu2t5tdrO11r/uCIoIKirLvkAhhJ2wJJCF7Msv5/THJkGGSEJITAvh6PuTxYM7yPd8z\nGTNnOO/5fAxJptBmM4c91NVTAAAAAAAAAAAAAAAAuCD95b1vKj09vaungS5m6+oJAAAAAAAAAAAA\nAAAAALh0EEgCAAAAAAAAAAAAAAAAYBkCSQAAAAAAAAAAAAAAAAAsQyAJAAAAAAAAAAAAAAAAgGUI\nJAEAAAAAAAAAAAAAAACwDIEkAAAAAAAAAAAAAAAAAJYhkAQAAAAAAAAAAAAAAADAMgSSAAAAAAAA\nAAAAAAAAAFiGQBIAAAAAAAAAAAAAAAAAyxBIAgAAAAAAAAAAAAAAAGAZAkkAAAAAAAAAAAAAAAAA\nLEMgCQAAAAAAAAAAAAAAAIBlCCQBAAAAAAAAAAAAAAAAsAyBJAAAAAAAAAAAAAAAAACWIZAEAAAA\nAAAAAAAAAAAAwDIEkgAAAAAAAAAAAAAAAABYhkASAAAAAAAAAAAAAAAAAMsQSAIAAAAAAAAAAAAA\nAABgGQJJAAAAAAAAAAAAAAAAACxDIAkAAAAAAAAAAAAAAACAZQgkAQAAAAAAAAAAAAAAALAMgSQA\nAAAAAAAAAAAAAAAAliGQBAAAAAAAAAAAAAAAAMAyBJIAAAAAAAAAAAAAAAAAWIZAEgAAAAAAAAAA\nAAAAAADLEEgCAAAAAAAAAAAAAAAAYBkCSQAAAAAAAAAAAAAAAAAsQyAJAAAAAAAAAAAAAAAAgGUc\nXT0BAOhMhmFIkkzT7OKZtJ3T...
[debug] [35m[W3C (857cfcf7)][39m Responding to client with driver.getScreenshot() result: "iVBORw0KGgoAAAANSUhEUgAACSQAAAQ4CAYAAAAaFkDuAAAAAXNSR0IArs4c6QAAAARzQklUCAgI\nCHwIZIgAACAASURBVHic7N15fFT1vf/x95klk43sG0mAEMIS9n0TQRQUBUUEN7Bar+2tuLS93ey9\n1d7ee9v+bKu2t5tdrO11r/uCIoIKirLvkAhhJ2wJJCF7Msv5/THJkGGSEJITAvh6PuTxYM7yPd8z\nGTNnOO/5fAxJptBmM4c91NVTAAAAAAAAAAAAAAAAuCD95b1vKj09vaungS5m6+oJAAAAAAAAAAAA\nAAAAALh0EEgCAAAAAAAAAAAAAAAAYBkCSQAAAAAAAAAAAAAAAAAsQyAJAAAAAAAAAAAAAAAAgGUI\nJAEAAAAAAAAAAAAAAACwDIEkAAAAAAAAAAAAAAAAAJYhkAQAAAAAAAAAAAAAAADAMgSSAAAAAAAA\nAAAAAAAAAFiGQBIAAAAAAAAAAAAAAAAAyxBIAgAAAAAAAAAAAAAAAGAZAkkAAAAAAAAAAAAAAAAA\nLEMgCQAAAAAAAAAAAAAAAIBlCCQBAAAAAAAAAAAAAAAAsAyBJAAAAAAAAAAAAAAAAACWIZAEAAAA\nAAAAAAAAAAAAwDIEkgAAAAAAAAAAAAAAAABYhkASAAAAAAAAAAAAAAAAAMsQSAIAAAAAAAAAAAAA\nAABgGQJJAAAAAAAAAAAAAAAAACxDIAkAAAAAAAAAAAAAAACAZQgkAQAAAAAAAAAAAAAAALAMgSQA\nAAAAAAAAAAAAAAAAliGQBAAAAAAAAAAAAAAAAMAyBJIAAAAAAAAAAAAAAAAAWIZAEgAAAAAAAAAA\nAAAAAADLEEgCAAAAAAAAAAAAAAAAYBkCSQAAAAAAAAAAAAAAAAAsQyAJAAAAAAAAAAAAAAAAgGUc\nXT0BAOhMhmFIkkzT7OKZtJ3T4dGgrKO6YeIWjex1QDbDlDw+yWfKlCnTbWhrYQ+9tW64th3soXqP\ns6unDA...
[35m[HTTP][39m [37m<-- GET /wd/hub/session/857cfcf7-604f-4cfb-b629-245b507520b2/screenshot [39m[32m200[39m [90m963 ms - 98630[39m
[35m[HTTP][39m [90m[39m
[35m[HTTP][39m [37m-->[39m [37mDELETE[39m [37m/wd/hub/session/857cfcf7-604f-4cfb-b629-245b507520b2[39m
[35m[HTTP][39m [90m{}[39m
[debug] [35m[W3C (857cfcf7)][39m Calling AppiumDriver.deleteSession() with args: ["857cfcf7-604f-4cfb-b629-245b507520b2"]
[debug] [35m[BaseDriver][39m Event 'quitSessionRequested' logged at 1674126060328 (18:01:00 GMT+0700 (Western Indonesia Time))
[35m[Appium][39m Removing session 857cfcf7-604f-4cfb-b629-245b507520b2 from our master session list
[debug] [35m[UiAutomator2][39m Deleting UiAutomator2 session
[debug] [35m[UiAutomator2][39m Deleting UiAutomator2 server session
[debug] [35m[WD Proxy][39m Matched '/' to command name 'deleteSession'
[debug] [35m[WD Proxy][39m Proxying [DELETE /] to [DELETE http://127.0.0.1:8241/wd/hub/session/3aa88fec-ab11-45b8-a052-1569659d5e9b] with no body
[debug] [35m[WD Proxy][39m Got response with status 200: {"sessionId":"3aa88fec-ab11-45b8-a052-1569659d5e9b","value":null}
[debug] [35m[ADB][39m Running 'C:\Users\Harrys\.katalon\tools\android_sdk\platform-tools\adb.exe -P 5037 -s d4f4d8990312 shell am force-stop com.android.settings'
[debug] [35m[Logcat][39m Stopping logcat capture
[debug] [35m[ADB][39m Removing forwarded port socket connection: 8241 
[debug] [35m[ADB][39m Running 'C:\Users\Harrys\.katalon\tools\android_sdk\platform-tools\adb.exe -P 5037 -s d4f4d8990312 forward --remove tcp:8241'
[35m[UiAutomator2][39m Restoring hidden api policy to the device default configuration
[debug] [35m[ADB][39m Running 'C:\Users\Harrys\.katalon\tools\android_sdk\platform-tools\adb.exe -P 5037 -s d4f4d8990312 shell 'settings delete global hidden_api_policy_pre_p_apps;settings delete global hidden_api_policy_p_apps;settings delete global hidden_api_policy''
[debug] [35m[BaseDriver][39m Event 'quitSessionFinished' logged at 1674126060733 (18:01:00 GMT+0700 (Western Indonesia Time))
[debug] [35m[W3C (857cfcf7)][39m Received response: null
[debug] [35m[W3C (857cfcf7)][39m But deleting session, so not returning
[debug] [35m[W3C (857cfcf7)][39m Responding to client with driver.deleteSession() result: null
[35m[HTTP][39m [37m<-- DELETE /wd/hub/session/857cfcf7-604f-4cfb-b629-245b507520b2 [39m[32m200[39m [90m409 ms - 14[39m
[35m[HTTP][39m [90m[39m
