[35m[Appium][39m Welcome to Appium v1.22.3
[35m[Appium][39m Non-default server args:
[35m[Appium][39m   port: 51626
[35m[Appium][39m   loglevel: info
[35m[Appium][39m   tmpDir: C:\Users\Harrys\AppData\Local\Temp\\Katalon\Appium\Temp1673345654753
[35m[Appium][39m   chromedriverPort: 51627
[35m[Appium][39m Deprecated server args:
[35m[Appium][39m   [31m--chromedriver-port[39m => --default-capabilities
[35m[Appium][39m Default capabilities, which will be added to each request unless overridden by desired capabilities:
[35m[Appium][39m   chromedriverPort: 51627
[35m[Appium][39m Appium REST http interface listener started on 0.0.0.0:51626
[35m[HTTP][39m [37m-->[39m [37mGET[39m [37m/wd/hub/status[39m
[35m[HTTP][39m [90m{}[39m
[35m[HTTP][39m [37m<-- GET /wd/hub/status [39m[32m200[39m [90m8 ms - 68[39m
[35m[HTTP][39m [90m[39m
[35m[HTTP][39m [37m-->[39m [37mGET[39m [37m/wd/hub/status[39m
[35m[HTTP][39m [90m{}[39m
[35m[HTTP][39m [37m<-- GET /wd/hub/status [39m[32m200[39m [90m2 ms - 68[39m
[35m[HTTP][39m [90m[39m
[35m[HTTP][39m [37m-->[39m [37mPOST[39m [37m/wd/hub/session[39m
[35m[HTTP][39m [90m{"desiredCapabilities":{"app":"C:\\Users\\Harrys\\Downloads\\app-release.apk","noReset":true,"deviceName":"Xiaomi M2004J19C (Android 10)","fullReset":false,"platform":"ANDROID","newCommandTimeout":1800,"platformVersion":"10","automationName":"uiautomator2","autoGrantPermissions":true,"platformName":"Android","udid":"d4f4d8990312","systemPort":51634},"capabilities":{"firstMatch":[{"appium:app":"C:\\Users\\Harrys\\Downloads\\app-release.apk","appium:autoGrantPermissions":true,"appium:automationName":"uiautomator2","appium:deviceName":"Xiaomi M2004J19C (Android 10)","appium:fullReset":false,"appium:newCommandTimeout":1800,"appium:noReset":true,"platform":"ANDROID","platformName":"android","appium:platformVersion":"10","appium:systemPort":51634,"appium:udid":"d4f4d8990312"}]}}[39m
[35m[BaseDriver][39m The following capabilities are not standard capabilities and should have an extension prefix:
[35m[BaseDriver][39m   platform
[35m[BaseDriver][39m   chromedriverPort
[35m[Appium][39m Appium v1.22.3 creating new AndroidUiautomator2Driver (v1.70.1) session
[35m[BaseDriver][39m The following capabilities were provided, but are not recognized by Appium:
[35m[BaseDriver][39m   platform
[35m[BaseDriver][39m Session created with session id: 1a5c19b1-d704-4893-b0c5-88e50ba693b0
[35m[BaseDriver][39m Using local app 'C:\Users\Harrys\Downloads\app-release.apk'
[35m[ADB][39m Found 1 'build-tools' folders under 'C:\Users\Harrys\.katalon\tools\android_sdk' (newest first):
[35m[ADB][39m     C:/Users/Harrys/.katalon/tools/android_sdk/build-tools/29.0.3
[35m[ADB][39m Using 'adb.exe' from 'C:\Users\Harrys\.katalon\tools\android_sdk\platform-tools\adb.exe'
[35m[AndroidDriver][39m Retrieving device list
[35m[AndroidDriver][39m Using device: d4f4d8990312
[35m[ADB][39m Using 'adb.exe' from 'C:\Users\Harrys\.katalon\tools\android_sdk\platform-tools\adb.exe'
[35m[ADB][39m Getting device platform version
[35m[UiAutomator2][39m Relaxing hidden api policy
[35m[ADB][39m Package name: 'id.binar.fp.secondhand'
[35m[ADB][39m Main activity name: 'id.binar.fp.secondhand.ui.main.MainActivity'
[35m[ADB][39m The application at 'C:\Users\Harrys\AppData\Roaming\npm\node_modules\appium\node_modules\io.appium.settings\apks\settings_apk-debug.apk' will not be cached, because the device under test has confirmed the support of streamed installs
[35m[ADB][39m The application at 'C:\Users\Harrys\AppData\Roaming\npm\node_modules\appium\node_modules\io.appium.settings\apks\settings_apk-debug.apk' will not be cached, because the device under test has confirmed the support of streamed installs
[35m[UiAutomator2][39m Unable to remove system port forward: Error executing adbExec. Original error: 'Command 'C:\\Users\\Harrys\\.katalon\\tools\\android_sdk\\platform-tools\\adb.exe -P 5037 -s d4f4d8990312 forward --remove tcp\:51634' exited with code 1'; Command output: adb.exe: error: listener 'tcp:51634' not found
[35m[UiAutomator2][39m 
[35m[UiAutomator2][39m Restoring hidden api policy to the device default configuration
[35m[HTTP][39m [37m<-- POST /wd/hub/session [39m[31m500[39m [90m2790 ms - 2659[39m
[35m[HTTP][39m [90m[39m
