#
# There is insufficient memory for the Java Runtime Environment to continue.
# Native memory allocation (malloc) failed to allocate 183136 bytes for Chunk::new
# Possible reasons:
#   The system is out of physical RAM or swap space
#   The process is running with CompressedOops enabled, and the Java Heap may be blocking the growth of the native heap
# Possible solutions:
#   Reduce memory load on the system
#   Increase physical memory or swap space
#   Check if swap backing store is full
#   Decrease Java heap size (-Xmx/-Xms)
#   Decrease number of Java threads
#   Decrease Java thread stack sizes (-Xss)
#   Set larger code cache with -XX:ReservedCodeCacheSize=
#   JVM is running with Unscaled Compressed Oops mode in which the Java heap is
#     placed in the first 4GB address space. The Java Heap base address is the
#     maximum limit for the native heap growth. Please use -XX:HeapBaseMinAddress
#     to set the Java Heap base and to place the Java Heap above 4GB virtual address.
# This output file may be truncated or incomplete.
#
#  Out of Memory Error (allocation.cpp:389), pid=71996, tid=0x0000000000012b54
#
# JRE version: OpenJDK Runtime Environment (Zulu 8.52.0.23-CA-win64) (8.0_282-b08) (build 1.8.0_282-b08)
# Java VM: OpenJDK 64-Bit Server VM (25.282-b08 mixed mode windows-amd64 compressed oops)
# Failed to write core dump. Minidumps are not enabled by default on client versions of Windows
#

---------------  T H R E A D  ---------------

Current thread (0x00000000198f8000):  JavaThread "C2 CompilerThread0" daemon [_thread_in_native, id=76628, stack(0x0000000019bc0000,0x0000000019cc0000)]

Stack: [0x0000000019bc0000,0x0000000019cc0000]
[error occurred during error reporting (printing stack bounds), id 0xc0000005]

Native frames: (J=compiled Java code, j=interpreted, Vv=VM code, C=native code)


Current CompileTask:
C2:   3334 1245 %     4       sun.security.provider.SHA2::implCompress0 @ 3 (322 bytes)


---------------  P R O C E S S  ---------------

Java Threads: ( => current thread )
  0x0000000019938000 JavaThread "Service Thread" daemon [_thread_blocked, id=77536, stack(0x0000000019ec0000,0x0000000019fc0000)]
  0x000000001990c800 JavaThread "C1 CompilerThread2" daemon [_thread_blocked, id=81276, stack(0x0000000019dc0000,0x0000000019ec0000)]
  0x0000000019905800 JavaThread "C2 CompilerThread1" daemon [_thread_in_native, id=73708, stack(0x0000000019cc0000,0x0000000019dc0000)]
=>0x00000000198f8000 JavaThread "C2 CompilerThread0" daemon [_thread_in_native, id=76628, stack(0x0000000019bc0000,0x0000000019cc0000)]
  0x00000000198f1000 JavaThread "Attach Listener" daemon [_thread_blocked, id=44052, stack(0x0000000019ac0000,0x0000000019bc0000)]
  0x00000000198ec800 JavaThread "Signal Dispatcher" daemon [_thread_blocked, id=76032, stack(0x00000000199c0000,0x0000000019ac0000)]
  0x000000001815e000 JavaThread "Finalizer" daemon [_thread_blocked, id=67504, stack(0x00000000193c0000,0x00000000194c0000)]
  0x0000000018154800 JavaThread "Reference Handler" daemon [_thread_blocked, id=74476, stack(0x00000000192c0000,0x00000000193c0000)]
  0x0000000003458000 JavaThread "main" [_thread_in_Java, id=76552, stack(0x0000000003340000,0x0000000003440000)]

Other Threads:
  0x000000001812a000 VMThread [stack: 0x00000000191c0000,0x00000000192c0000] [id=73568]
  0x0000000019938800 WatcherThread [stack: 0x0000000019fc0000,0x000000001a0c0000] [id=79840]

VM state:not at safepoint (normal execution)

VM Mutex/Monitor currently owned by a thread: None

heap address: 0x0000000080000000, size: 2048 MB, Compressed Oops mode: 32-bit
Narrow klass base: 0x0000000000000000, Narrow klass shift: 3
Compressed class space size: 1073741824 Address: 0x0000000100000000

Heap:
 PSYoungGen      total 60928K, used 42320K [0x00000000d5580000, 0x00000000d9680000, 0x0000000100000000)
  eden space 56832K, 70% used [0x00000000d5580000,0x00000000d7c919a8,0x00000000d8d00000)
  from space 4096K, 56% used [0x00000000d9180000,0x00000000d93c2700,0x00000000d9580000)
  to   space 4608K, 0% used [0x00000000d8d00000,0x00000000d8d00000,0x00000000d9180000)
 ParOldGen       total 36864K, used 5509K [0x0000000080000000, 0x0000000082400000, 0x00000000d5580000)
  object space 36864K, 14% used [0x0000000080000000,0x0000000080561558,0x0000000082400000)
 Metaspace       used 13904K, capacity 14100K, committed 14336K, reserved 1062912K
  class space    used 1442K, capacity 1506K, committed 1536K, reserved 1048576K

Card table byte_map: [0x0000000012900000,0x0000000012d10000] byte_map_base: 0x0000000012500000

Marking Bits: (ParMarkBitMap*) 0x0000000068051f00
 Begin Bits: [0x00000000133c0000, 0x00000000153c0000)
 End Bits:   [0x00000000153c0000, 0x00000000173c0000)

Polling page: 0x00000000030e0000

CodeCache: size=245760Kb used=5796Kb max_used=5806Kb free=239964Kb
 bounds [0x0000000003540000, 0x0000000003af0000, 0x0000000012540000]
 total_blobs=1799 nmethods=1242 adapters=469
 compilation: enabled

Compilation events (10 events):
Event: 3.328 Thread 0x000000001990c800 1242       3       java.lang.reflect.Constructor::getParameterTypes (11 bytes)
Event: 3.328 Thread 0x000000001990c800 nmethod 1242 0x0000000003adbe50 code [0x0000000003adbfc0, 0x0000000003adc2c8]
Event: 3.328 Thread 0x00000000198f8000 nmethod 1239 0x0000000003adbb90 code [0x0000000003adbcc0, 0x0000000003adbd58]
Event: 3.328 Thread 0x00000000198f8000 1241       4       java.math.BigInteger::mulAdd (19 bytes)
Event: 3.328 Thread 0x000000001990c800 1243       3       java.util.regex.Matcher::reset (83 bytes)
Event: 3.328 Thread 0x000000001990c800 nmethod 1243 0x0000000003adb390 code [0x0000000003adb520, 0x0000000003adb9c8]
Event: 3.329 Thread 0x000000001990c800 1244  s    3       java.lang.StringBuffer::append (13 bytes)
Event: 3.329 Thread 0x000000001990c800 nmethod 1244 0x0000000003adf9d0 code [0x0000000003adfb40, 0x0000000003adfe68]
Event: 3.329 Thread 0x00000000198f8000 nmethod 1241 0x0000000003ade010 code [0x0000000003ade160, 0x0000000003ade2b8]
Event: 3.329 Thread 0x00000000198f8000 1245 %     4       sun.security.provider.SHA2::implCompress0 @ 3 (322 bytes)

GC Heap History (10 events):
Event: 1.298 GC heap before
{Heap before GC invocations=2 (full 0):
 PSYoungGen      total 16384K, used 16376K [0x00000000d5580000, 0x00000000d6780000, 0x0000000100000000)
  eden space 14336K, 100% used [0x00000000d5580000,0x00000000d6380000,0x00000000d6380000)
  from space 2048K, 99% used [0x00000000d6380000,0x00000000d657e0f0,0x00000000d6580000)
  to   space 2048K, 0% used [0x00000000d6580000,0x00000000d6580000,0x00000000d6780000)
 ParOldGen       total 36864K, used 1021K [0x0000000080000000, 0x0000000082400000, 0x00000000d5580000)
  object space 36864K, 2% used [0x0000000080000000,0x00000000800ff448,0x0000000082400000)
 Metaspace       used 4517K, capacity 5216K, committed 5504K, reserved 1056768K
  class space    used 468K, capacity 536K, committed 640K, reserved 1048576K
Event: 1.320 GC heap after
Heap after GC invocations=2 (full 0):
 PSYoungGen      total 16384K, used 2043K [0x00000000d5580000, 0x00000000d7580000, 0x0000000100000000)
  eden space 14336K, 0% used [0x00000000d5580000,0x00000000d5580000,0x00000000d6380000)
  from space 2048K, 99% used [0x00000000d6580000,0x00000000d677ee18,0x00000000d6780000)
  to   space 2048K, 0% used [0x00000000d6380000,0x00000000d6380000,0x00000000d6580000)
 ParOldGen       total 36864K, used 1456K [0x0000000080000000, 0x0000000082400000, 0x00000000d5580000)
  object space 36864K, 3% used [0x0000000080000000,0x000000008016c0d0,0x0000000082400000)
 Metaspace       used 4517K, capacity 5216K, committed 5504K, reserved 1056768K
  class space    used 468K, capacity 536K, committed 640K, reserved 1048576K
}
Event: 1.699 GC heap before
{Heap before GC invocations=3 (full 0):
 PSYoungGen      total 16384K, used 16379K [0x00000000d5580000, 0x00000000d7580000, 0x0000000100000000)
  eden space 14336K, 100% used [0x00000000d5580000,0x00000000d6380000,0x00000000d6380000)
  from space 2048K, 99% used [0x00000000d6580000,0x00000000d677ee18,0x00000000d6780000)
  to   space 2048K, 0% used [0x00000000d6380000,0x00000000d6380000,0x00000000d6580000)
 ParOldGen       total 36864K, used 1456K [0x0000000080000000, 0x0000000082400000, 0x00000000d5580000)
  object space 36864K, 3% used [0x0000000080000000,0x000000008016c0d0,0x0000000082400000)
 Metaspace       used 5943K, capacity 6240K, committed 6400K, reserved 1056768K
  class space    used 604K, capacity 664K, committed 768K, reserved 1048576K
Event: 1.704 GC heap after
Heap after GC invocations=3 (full 0):
 PSYoungGen      total 16384K, used 2043K [0x00000000d5580000, 0x00000000d7580000, 0x0000000100000000)
  eden space 14336K, 0% used [0x00000000d5580000,0x00000000d5580000,0x00000000d6380000)
  from space 2048K, 99% used [0x00000000d6380000,0x00000000d657ee18,0x00000000d6580000)
  to   space 2048K, 0% used [0x00000000d7380000,0x00000000d7380000,0x00000000d7580000)
 ParOldGen       total 36864K, used 2398K [0x0000000080000000, 0x0000000082400000, 0x00000000d5580000)
  object space 36864K, 6% used [0x0000000080000000,0x0000000080257b40,0x0000000082400000)
 Metaspace       used 5943K, capacity 6240K, committed 6400K, reserved 1056768K
  class space    used 604K, capacity 664K, committed 768K, reserved 1048576K
}
Event: 2.029 GC heap before
{Heap before GC invocations=4 (full 0):
 PSYoungGen      total 16384K, used 16379K [0x00000000d5580000, 0x00000000d7580000, 0x0000000100000000)
  eden space 14336K, 100% used [0x00000000d5580000,0x00000000d6380000,0x00000000d6380000)
  from space 2048K, 99% used [0x00000000d6380000,0x00000000d657ee18,0x00000000d6580000)
  to   space 2048K, 0% used [0x00000000d7380000,0x00000000d7380000,0x00000000d7580000)
 ParOldGen       total 36864K, used 2398K [0x0000000080000000, 0x0000000082400000, 0x00000000d5580000)
  object space 36864K, 6% used [0x0000000080000000,0x0000000080257b40,0x0000000082400000)
 Metaspace       used 8104K, capacity 8272K, committed 8448K, reserved 1056768K
  class space    used 873K, capacity 952K, committed 1024K, reserved 1048576K
Event: 2.036 GC heap after
Heap after GC invocations=4 (full 0):
 PSYoungGen      total 30720K, used 2039K [0x00000000d5580000, 0x00000000d7580000, 0x0000000100000000)
  eden space 28672K, 0% used [0x00000000d5580000,0x00000000d5580000,0x00000000d7180000)
  from space 2048K, 99% used [0x00000000d7380000,0x00000000d757ded0,0x00000000d7580000)
  to   space 2048K, 0% used [0x00000000d7180000,0x00000000d7180000,0x00000000d7380000)
 ParOldGen       total 36864K, used 3654K [0x0000000080000000, 0x0000000082400000, 0x00000000d5580000)
  object space 36864K, 9% used [0x0000000080000000,0x0000000080391b58,0x0000000082400000)
 Metaspace       used 8104K, capacity 8272K, committed 8448K, reserved 1056768K
  class space    used 873K, capacity 952K, committed 1024K, reserved 1048576K
}
Event: 2.477 GC heap before
{Heap before GC invocations=5 (full 0):
 PSYoungGen      total 30720K, used 30711K [0x00000000d5580000, 0x00000000d7580000, 0x0000000100000000)
  eden space 28672K, 100% used [0x00000000d5580000,0x00000000d7180000,0x00000000d7180000)
  from space 2048K, 99% used [0x00000000d7380000,0x00000000d757ded0,0x00000000d7580000)
  to   space 2048K, 0% used [0x00000000d7180000,0x00000000d7180000,0x00000000d7380000)
 ParOldGen       total 36864K, used 3654K [0x0000000080000000, 0x0000000082400000, 0x00000000d5580000)
  object space 36864K, 9% used [0x0000000080000000,0x0000000080391b58,0x0000000082400000)
 Metaspace       used 10318K, capacity 10454K, committed 10752K, reserved 1058816K
  class space    used 1143K, capacity 1209K, committed 1280K, reserved 1048576K
Event: 2.487 GC heap after
Heap after GC invocations=5 (full 0):
 PSYoungGen      total 30720K, used 2039K [0x00000000d5580000, 0x00000000d9580000, 0x0000000100000000)
  eden space 28672K, 0% used [0x00000000d5580000,0x00000000d5580000,0x00000000d7180000)
  from space 2048K, 99% used [0x00000000d7180000,0x00000000d737deb0,0x00000000d7380000)
  to   space 4096K, 0% used [0x00000000d9180000,0x00000000d9180000,0x00000000d9580000)
 ParOldGen       total 36864K, used 5509K [0x0000000080000000, 0x0000000082400000, 0x00000000d5580000)
  object space 36864K, 14% used [0x0000000080000000,0x0000000080561558,0x0000000082400000)
 Metaspace       used 10318K, capacity 10454K, committed 10752K, reserved 1058816K
  class space    used 1143K, capacity 1209K, committed 1280K, reserved 1048576K
}
Event: 2.708 GC heap before
{Heap before GC invocations=6 (full 0):
 PSYoungGen      total 30720K, used 30711K [0x00000000d5580000, 0x00000000d9580000, 0x0000000100000000)
  eden space 28672K, 100% used [0x00000000d5580000,0x00000000d7180000,0x00000000d7180000)
  from space 2048K, 99% used [0x00000000d7180000,0x00000000d737deb0,0x00000000d7380000)
  to   space 4096K, 0% used [0x00000000d9180000,0x00000000d9180000,0x00000000d9580000)
 ParOldGen       total 36864K, used 5509K [0x0000000080000000, 0x0000000082400000, 0x00000000d5580000)
  object space 36864K, 14% used [0x0000000080000000,0x0000000080561558,0x0000000082400000)
 Metaspace       used 10441K, capacity 10646K, committed 11008K, reserved 1058816K
  class space    used 1152K, capacity 1209K, committed 1280K, reserved 1048576K
Event: 2.712 GC heap after
Heap after GC invocations=6 (full 0):
 PSYoungGen      total 60928K, used 2313K [0x00000000d5580000, 0x00000000d9680000, 0x0000000100000000)
  eden space 56832K, 0% used [0x00000000d5580000,0x00000000d5580000,0x00000000d8d00000)
  from space 4096K, 56% used [0x00000000d9180000,0x00000000d93c2700,0x00000000d9580000)
  to   space 4608K, 0% used [0x00000000d8d00000,0x00000000d8d00000,0x00000000d9180000)
 ParOldGen       total 36864K, used 5509K [0x0000000080000000, 0x0000000082400000, 0x00000000d5580000)
  object space 36864K, 14% used [0x0000000080000000,0x0000000080561558,0x0000000082400000)
 Metaspace       used 10441K, capacity 10646K, committed 11008K, reserved 1058816K
  class space    used 1152K, capacity 1209K, committed 1280K, reserved 1048576K
}

Deoptimization events (10 events):
Event: 2.286 Thread 0x0000000003458000 Uncommon trap: reason=bimorphic action=maybe_recompile pc=0x000000000379ee20 method=java.util.HashMap.getNode(ILjava/lang/Object;)Ljava/util/HashMap$Node; @ 126
Event: 2.286 Thread 0x0000000003458000 Uncommon trap: reason=unstable_if action=reinterpret pc=0x000000000377ecd0 method=java.util.HashMap.getNode(ILjava/lang/Object;)Ljava/util/HashMap$Node; @ 62
Event: 2.459 Thread 0x0000000003458000 Uncommon trap: reason=unstable_if action=reinterpret pc=0x0000000003674ee0 method=java.net.URI.match(CJJ)Z @ 45
Event: 2.500 Thread 0x0000000003458000 Uncommon trap: reason=unstable_if action=reinterpret pc=0x000000000379defc method=java.lang.String.lastIndexOf([CII[CIII)I @ 66
Event: 3.190 Thread 0x0000000003458000 Uncommon trap: reason=class_check action=maybe_recompile pc=0x000000000396f5b8 method=java.util.HashMap.putVal(ILjava/lang/Object;Ljava/lang/Object;ZZ)Ljava/lang/Object; @ 203
Event: 3.190 Thread 0x0000000003458000 Uncommon trap: reason=class_check action=maybe_recompile pc=0x000000000396f5b8 method=java.util.HashMap.putVal(ILjava/lang/Object;Ljava/lang/Object;ZZ)Ljava/lang/Object; @ 203
Event: 3.191 Thread 0x0000000003458000 Uncommon trap: reason=class_check action=maybe_recompile pc=0x000000000396f5b8 method=java.util.HashMap.putVal(ILjava/lang/Object;Ljava/lang/Object;ZZ)Ljava/lang/Object; @ 203
Event: 3.192 Thread 0x0000000003458000 Uncommon trap: reason=class_check action=maybe_recompile pc=0x000000000396f5b8 method=java.util.HashMap.putVal(ILjava/lang/Object;Ljava/lang/Object;ZZ)Ljava/lang/Object; @ 203
Event: 3.207 Thread 0x0000000003458000 Uncommon trap: reason=unstable_if action=reinterpret pc=0x000000000379feb0 method=java.lang.String.indexOf([CII[CIII)I @ 3
Event: 3.271 Thread 0x0000000003458000 Uncommon trap: reason=unstable_if action=reinterpret pc=0x0000000003959a3c method=java.lang.CharacterDataLatin1.isWhitespace(I)Z @ 14

Classes redefined (0 events):
No events

Internal exceptions (10 events):
Event: 3.076 Thread 0x0000000003458000 Exception <a 'java/lang/ClassNotFoundException': com/kms/katalon/core/webui/contribution/WebUiDriverCleanerBeanInfo> (0x00000000d6c0aee0) thrown at [C:\jenkins\workspace\zulu8-silver-build-win64\zulu-src\hotspot\src\share\vm\classfile\systemDictionary.cpp
Event: 3.079 Thread 0x0000000003458000 Exception <a 'java/lang/ClassNotFoundException': com/kms/katalon/core/webui/contribution/WebUiDriverCleanerCustomizer> (0x00000000d6ca3788) thrown at [C:\jenkins\workspace\zulu8-silver-build-win64\zulu-src\hotspot\src\share\vm\classfile\systemDictionary.c
Event: 3.130 Thread 0x0000000003458000 Exception <a 'java/lang/ClassNotFoundException': com/kms/katalon/core/mobile/contribution/MobileDriverCleanerBeanInfo> (0x00000000d7104ab0) thrown at [C:\jenkins\workspace\zulu8-silver-build-win64\zulu-src\hotspot\src\share\vm\classfile\systemDictionary.c
Event: 3.133 Thread 0x0000000003458000 Exception <a 'java/lang/ClassNotFoundException': com/kms/katalon/core/mobile/contribution/MobileDriverCleanerCustomizer> (0x00000000d719f610) thrown at [C:\jenkins\workspace\zulu8-silver-build-win64\zulu-src\hotspot\src\share\vm\classfile\systemDictionary
Event: 3.139 Thread 0x0000000003458000 Exception <a 'java/lang/ClassNotFoundException': com/kms/katalon/core/cucumber/keyword/internal/CucumberDriverCleanerBeanInfo> (0x00000000d7284a80) thrown at [C:\jenkins\workspace\zulu8-silver-build-win64\zulu-src\hotspot\src\share\vm\classfile\systemDict
Event: 3.142 Thread 0x0000000003458000 Exception <a 'java/lang/ClassNotFoundException': com/kms/katalon/core/cucumber/keyword/internal/CucumberDriverCleanerCustomizer> (0x00000000d732bbe8) thrown at [C:\jenkins\workspace\zulu8-silver-build-win64\zulu-src\hotspot\src\share\vm\classfile\systemDi
Event: 3.147 Thread 0x0000000003458000 Exception <a 'java/lang/ClassNotFoundException': com/kms/katalon/core/windows/keyword/contribution/WindowsDriverCleanerBeanInfo> (0x00000000d7414848) thrown at [C:\jenkins\workspace\zulu8-silver-build-win64\zulu-src\hotspot\src\share\vm\classfile\systemDi
Event: 3.151 Thread 0x0000000003458000 Exception <a 'java/lang/ClassNotFoundException': com/kms/katalon/core/windows/keyword/contribution/WindowsDriverCleanerCustomizer> (0x00000000d74bee20) thrown at [C:\jenkins\workspace\zulu8-silver-build-win64\zulu-src\hotspot\src\share\vm\classfile\system
Event: 3.156 Thread 0x0000000003458000 Exception <a 'java/lang/ClassNotFoundException': com/kms/katalon/core/testng/keyword/internal/TestNGDriverCleanerBeanInfo> (0x00000000d759b3e8) thrown at [C:\jenkins\workspace\zulu8-silver-build-win64\zulu-src\hotspot\src\share\vm\classfile\systemDictiona
Event: 3.161 Thread 0x0000000003458000 Exception <a 'java/lang/ClassNotFoundException': com/kms/katalon/core/testng/keyword/internal/TestNGDriverCleanerCustomizer> (0x00000000d763be70) thrown at [C:\jenkins\workspace\zulu8-silver-build-win64\zulu-src\hotspot\src\share\vm\classfile\systemDictio

Events (10 events):
Event: 3.331 Thread 0x0000000003458000 DEOPT PACKING pc=0x0000000003accd86 sp=0x00000000034377b0
Event: 3.331 Thread 0x0000000003458000 DEOPT UNPACKING pc=0x00000000035872d0 sp=0x00000000034374f0 mode 0
Event: 3.331 Thread 0x0000000003458000 DEOPT PACKING pc=0x0000000003accd86 sp=0x00000000034377b0
Event: 3.331 Thread 0x0000000003458000 DEOPT UNPACKING pc=0x00000000035872d0 sp=0x00000000034374f0 mode 0
Event: 3.331 Thread 0x0000000003458000 DEOPT PACKING pc=0x0000000003accd86 sp=0x00000000034377b0
Event: 3.331 Thread 0x0000000003458000 DEOPT UNPACKING pc=0x00000000035872d0 sp=0x00000000034374f0 mode 0
Event: 3.331 Thread 0x0000000003458000 DEOPT PACKING pc=0x0000000003accd86 sp=0x00000000034377b0
Event: 3.331 Thread 0x0000000003458000 DEOPT UNPACKING pc=0x00000000035872d0 sp=0x00000000034374f0 mode 0
Event: 3.332 Thread 0x0000000003458000 DEOPT PACKING pc=0x0000000003accd86 sp=0x00000000034377b0
Event: 3.332 Thread 0x0000000003458000 DEOPT UNPACKING pc=0x00000000035872d0 sp=0x00000000034374f0 mode 0


Dynamic libraries:
0x00007ff7da700000 - 0x00007ff7da735000 	C:\Users\Harrys\Downloads\Katalon_Studio_Windows_64-8.5.5\Katalon_Studio_Windows_64-8.5.5\jre\bin\javaw.exe
0x00007ffd8eec0000 - 0x00007ffd8f0c9000 	C:\WINDOWS\SYSTEM32\ntdll.dll
0x00007ffd8e1f0000 - 0x00007ffd8e2ae000 	C:\WINDOWS\System32\KERNEL32.DLL
0x00007ffd8c670000 - 0x00007ffd8c9eb000 	C:\WINDOWS\System32\KERNELBASE.dll
0x00007ffd8ea30000 - 0x00007ffd8eade000 	C:\WINDOWS\System32\ADVAPI32.dll
0x00007ffd8cfe0000 - 0x00007ffd8d083000 	C:\WINDOWS\System32\msvcrt.dll
0x00007ffd8ce20000 - 0x00007ffd8cebe000 	C:\WINDOWS\System32\sechost.dll
0x00007ffd8ece0000 - 0x00007ffd8ee00000 	C:\WINDOWS\System32\RPCRT4.dll
0x00007ffd8d090000 - 0x00007ffd8d23d000 	C:\WINDOWS\System32\USER32.dll
0x00007ffd8c530000 - 0x00007ffd8c556000 	C:\WINDOWS\System32\win32u.dll
0x00007ffd8d320000 - 0x00007ffd8d349000 	C:\WINDOWS\System32\GDI32.dll
0x00007ffd8c390000 - 0x00007ffd8c4a8000 	C:\WINDOWS\System32\gdi32full.dll
0x00007ffd8c560000 - 0x00007ffd8c5fd000 	C:\WINDOWS\System32\msvcp_win.dll
0x00007ffd8cab0000 - 0x00007ffd8cbc1000 	C:\WINDOWS\System32\ucrtbase.dll
0x00007ffd77e20000 - 0x00007ffd780c5000 	C:\WINDOWS\WinSxS\amd64_microsoft.windows.common-controls_6595b64144ccf1df_6.0.22000.120_none_9d947278b86cc467\COMCTL32.dll
0x00007ffd8d240000 - 0x00007ffd8d272000 	C:\WINDOWS\System32\IMM32.DLL
0x00000000682c0000 - 0x0000000068392000 	C:\Users\Harrys\Downloads\Katalon_Studio_Windows_64-8.5.5\Katalon_Studio_Windows_64-8.5.5\jre\bin\msvcr100.dll
0x0000000067810000 - 0x00000000680d5000 	C:\Users\Harrys\Downloads\Katalon_Studio_Windows_64-8.5.5\Katalon_Studio_Windows_64-8.5.5\jre\bin\server\jvm.dll
0x00007ffd8ee00000 - 0x00007ffd8ee08000 	C:\WINDOWS\System32\PSAPI.DLL
0x00007ffd87220000 - 0x00007ffd87229000 	C:\WINDOWS\SYSTEM32\WSOCK32.dll
0x00007ffd8ee10000 - 0x00007ffd8ee7f000 	C:\WINDOWS\System32\WS2_32.dll
0x00007ffd86920000 - 0x00007ffd86953000 	C:\WINDOWS\SYSTEM32\WINMM.dll
0x00007ffd82c10000 - 0x00007ffd82c1a000 	C:\WINDOWS\SYSTEM32\VERSION.dll
0x00007ffd87200000 - 0x00007ffd8720f000 	C:\Users\Harrys\Downloads\Katalon_Studio_Windows_64-8.5.5\Katalon_Studio_Windows_64-8.5.5\jre\bin\verify.dll
0x00007ffd7c930000 - 0x00007ffd7c959000 	C:\Users\Harrys\Downloads\Katalon_Studio_Windows_64-8.5.5\Katalon_Studio_Windows_64-8.5.5\jre\bin\java.dll
0x00007ffd7f790000 - 0x00007ffd7f7a6000 	C:\Users\Harrys\Downloads\Katalon_Studio_Windows_64-8.5.5\Katalon_Studio_Windows_64-8.5.5\jre\bin\zip.dll
0x00007ffd8d8a0000 - 0x00007ffd8e057000 	C:\WINDOWS\System32\SHELL32.dll
0x00007ffd8a480000 - 0x00007ffd8ace5000 	C:\WINDOWS\SYSTEM32\windows.storage.dll
0x00007ffd8d350000 - 0x00007ffd8d6c8000 	C:\WINDOWS\System32\combase.dll
0x00007ffd8a310000 - 0x00007ffd8a476000 	C:\WINDOWS\SYSTEM32\wintypes.dll
0x00007ffd8d790000 - 0x00007ffd8d87a000 	C:\WINDOWS\System32\SHCORE.dll
0x00007ffd8d730000 - 0x00007ffd8d78d000 	C:\WINDOWS\System32\shlwapi.dll
0x00007ffd8c2c0000 - 0x00007ffd8c2e1000 	C:\WINDOWS\SYSTEM32\profapi.dll

VM Arguments:
jvm_args: -Dgroovy.home=C:\Users\Harrys/.groovy -Djava.system.class.loader=groovy.lang.GroovyClassLoader -Xmx2048m -Dfile.encoding=UTF-8 
java_command: org.codehaus.groovy.tools.GroovyStarter --classpath C:\Users\Harrys\Auto Luna\Web Apps Luna\bin\keyword;C:\Users\Harrys\Auto Luna\Web Apps Luna\Keywords;C:\Users\Harrys\Auto Luna\Web Apps Luna\bin\listener;C:\Users\Harrys\Auto Luna\Web Apps Luna\Test Listeners;C:\Users\Harrys\Auto Luna\Web Apps Luna\bin\lib;C:\Users\Harrys\Auto Luna\Web Apps Luna\Libs;C:\Users\Harrys\Auto Luna\Web Apps Luna\bin\groovy;C:\Users\Harrys\Auto Luna\Web Apps Luna\Include\scripts\groovy;C:\Users\Harrys\Downloads\Katalon_Studio_Windows_64-8.5.5\Katalon_Studio_Windows_64-8.5.5\plugins\com.kms.katalon.core_1.0.0.202211290936.jar;C:\Users\Harrys\Downloads\Katalon_Studio_Windows_64-8.5.5\Katalon_Studio_Windows_64-8.5.5\configuration\resources\lib\aalto-xml-1.0.0.jar;C:\Users\Harrys\Downloads\Katalon_Studio_Windows_64-8.5.5\Katalon_Studio_Windows_64-8.5.5\configuration\resources\lib\aspectjweaver-1.9.1.jar;C:\Users\Harrys\Downloads\Katalon_Studio_Windows_64-8.5.5\Katalon_Studio_Windows_64-8.5.5\configuration\resources\lib\bcpkix-jdk15on-1.64.jar;C:\Users\Harrys\Downloads\Katalon_Studio_Windows_64-8.5.5\Katalon_Studio_Windows_64-8.5.5\configuration\resources\lib\bcprov-jdk15on-1.64.jar;C:\Users\Harrys\Downloads\Katalon_Studio_Windows_64-8.5.5\Katalon_Studio_Windows_64-8.5.5\configuration\resources\lib\browsermob-core-2.1.5.jar;C:\Users\Harrys\Downloads\Katalon_Studio_Windows_64-8.5.5\Katalon_Studio_Windows_64-8.5.5\configuration\resources\lib\cglib-3.2.10.jar;C:\Users\Harrys\Downloads\Katalon_Studio_Windows_64-8.5.5\Katalon_Studio_Windows_64-8.5.5\configuration\resources\lib\commons-codec-1.10.jar;C:\Users\Harrys\Downloads\Katalon_Studio_Windows_64-8.5.5\Katalon_Studio_Windows_64-8.5.5\configuration\resources\lib\commons-collections4-4.1.jar;C:\Users\Harrys\Downloads\Katalon_Studio_Windows_64-8.5.5\Katalon_Studio_Windows_64-8.5.5\configuration\resources\lib\commons-validator-1.6.jar;C:\Users\Harrys\Downloads\Katalon_Studio_Windows_64-8.5.5\Katalon_Studio_Windows_64-8.5.5\configura
java_class_path (initial): C:\Users\Harrys\Auto Luna\Web Apps Luna\bin\keyword;C:\Users\Harrys\Auto Luna\Web Apps Luna\bin\listener;C:\Users\Harrys\Auto Luna\Web Apps Luna\bin\lib;C:\Users\Harrys\Auto Luna\Web Apps Luna\bin\groovy;C:\Users\Harrys\Auto Luna\Web Apps Luna\bin;C:\Users\Harrys\Downloads\Katalon_Studio_Windows_64-8.5.5\Katalon_Studio_Windows_64-8.5.5\plugins\com.kms.katalon.core_1.0.0.202211290936.jar;C:\Users\Harrys\Downloads\Katalon_Studio_Windows_64-8.5.5\Katalon_Studio_Windows_64-8.5.5\configuration\resources\lib\aalto-xml-1.0.0.jar;C:\Users\Harrys\Downloads\Katalon_Studio_Windows_64-8.5.5\Katalon_Studio_Windows_64-8.5.5\configuration\resources\lib\aspectjweaver-1.9.1.jar;C:\Users\Harrys\Downloads\Katalon_Studio_Windows_64-8.5.5\Katalon_Studio_Windows_64-8.5.5\configuration\resources\lib\bcpkix-jdk15on-1.64.jar;C:\Users\Harrys\Downloads\Katalon_Studio_Windows_64-8.5.5\Katalon_Studio_Windows_64-8.5.5\configuration\resources\lib\bcprov-jdk15on-1.64.jar;C:\Users\Harrys\Downloads\Katalon_Studio_Windows_64-8.5.5\Katalon_Studio_Windows_64-8.5.5\configuration\resources\lib\browsermob-core-2.1.5.jar;C:\Users\Harrys\Downloads\Katalon_Studio_Windows_64-8.5.5\Katalon_Studio_Windows_64-8.5.5\configuration\resources\lib\cglib-3.2.10.jar;C:\Users\Harrys\Downloads\Katalon_Studio_Windows_64-8.5.5\Katalon_Studio_Windows_64-8.5.5\configuration\resources\lib\commons-codec-1.10.jar;C:\Users\Harrys\Downloads\Katalon_Studio_Windows_64-8.5.5\Katalon_Studio_Windows_64-8.5.5\configuration\resources\lib\commons-collections4-4.1.jar;C:\Users\Harrys\Downloads\Katalon_Studio_Windows_64-8.5.5\Katalon_Studio_Windows_64-8.5.5\configuration\resources\lib\commons-validator-1.6.jar;C:\Users\Harrys\Downloads\Katalon_Studio_Windows_64-8.5.5\Katalon_Studio_Windows_64-8.5.5\configuration\resources\lib\curvesapi-1.04.jar;C:\Users\Harrys\Downloads\Katalon_Studio_Windows_64-8.5.5\Katalon_Studio_Windows_64-8.5.5\configuration\resources\lib\dnsjava-2.1.8.jar;C:\Users\Harrys\Downloads\Katalon
Launcher Type: SUN_STANDARD

Environment Variables:
JAVA_HOME=C:\Program Files\Java\jdk1.8.0_341
PATH=C:/Users/Harrys/Downloads/Katalon_Studio_Windows_64-8.5.5/Katalon_Studio_Windows_64-8.5.5/jre/bin/server;C:/Users/Harrys/Downloads/Katalon_Studio_Windows_64-8.5.5/Katalon_Studio_Windows_64-8.5.5/jre/bin;C:/Users/Harrys/Downloads/Katalon_Studio_Windows_64-8.5.5/Katalon_Studio_Windows_64-8.5.5/jre/lib/amd64;C:\Python310\Scripts\;C:\Python310\;C:\Program Files (x86)\Common Files\Oracle\Java\javapath;C:\WINDOWS\system32;C:\WINDOWS;C:\WINDOWS\System32\Wbem;C:\WINDOWS\System32\WindowsPowerShell\v1.0\;C:\WINDOWS\System32\OpenSSH\;C:\Program Files\Java\jdk1.8.0_341\bin;C:\Program Files\nodejs\;C:\ProgramData\chocolatey\bin;C:\Program Files\Git\cmd;%ANDROID_HOME%platform-tools;%ANDROID_HOME%bin;C:\Users\Harrys\AppData\Local\Microsoft\WindowsApps;C:\Program Files\Java\jdk1.8.0_341\bin;C:\Users\Harrys\AppData\Roaming\npm;C:\Users\Harrys\AppData\Local\gitkraken\bin;C:\Users\Harrys\.katalon\katalon 2\.katalon\tools\android_sdk;C:\Users\Harrys\.katalon\katalon 2\.katalon\tools\android_sdk\platform-tools;;C:\Users\Harrys\Downloads\Katalon_Studio_Windows_64-8.5.5\Katalon_Studio_Windows_64-8.5.5;
USERNAME=Harrys
OS=Windows_NT
PROCESSOR_IDENTIFIER=AMD64 Family 23 Model 96 Stepping 1, AuthenticAMD



---------------  S Y S T E M  ---------------

OS: Windows 10.0 , 64 bit Build 22000 (10.0.22000.1335)

CPU:total 4 (initial active 4) (4 cores per cpu, 1 threads per core) family 23 model 96 stepping 1, cmov, cx8, fxsr, mmx, sse, sse2, sse3, ssse3, sse4.1, sse4.2, popcnt, avx, avx2, aes, clmul, mmxext, 3dnowpref, lzcnt, sse4a, tsc, tscinvbit, tscinv, bmi1

Memory: 4k page, physical 3535060k(141216k free), swap 14545108k(4392k free)

vm_info: OpenJDK 64-Bit Server VM (25.282-b08) for windows-amd64 JRE (Zulu 8.52.0.23-CA-win64) (1.8.0_282-b08), built on Jan 12 2021 07:45:49 by "tester" with MS VC++ 10.0 (VS2010)

time: Mon Jan 09 13:58:35 2023
timezone: SE Asia Standard Time
elapsed time: 3.340716 seconds (0d 0h 0m 3s)

